[2019-08-19 11:57:45,148] [autoreload.py:597] [autoreload:run_with_reloader] [INFO]- Watching for file changes with StatReloader
[2019-08-19 11:58:06,165] [basehttp.py:154] [basehttp:log_message] [INFO]- "GET / HTTP/1.1" 200 3935
[2019-08-19 11:58:08,010] [basehttp.py:154] [basehttp:log_message] [INFO]- "GET /media/color/w_jd5u1YS.jpg HTTP/1.1" 304 0
[2019-08-19 11:58:09,641] [log.py:228] [log:log_response] [WARNING]- Not Found: /favicon.ico
[2019-08-19 11:58:09,642] [basehttp.py:154] [basehttp:log_message] [WARNING]- "GET /favicon.ico HTTP/1.1" 404 2755
[2019-08-19 11:58:13,573] [log.py:228] [log:log_response] [WARNING]- Not Found: /DMIN
[2019-08-19 11:58:13,574] [basehttp.py:154] [basehttp:log_message] [WARNING]- "GET /DMIN HTTP/1.1" 404 2734
[2019-08-19 11:58:19,214] [log.py:228] [log:log_response] [WARNING]- Not Found: /DMIN
[2019-08-19 11:58:19,215] [basehttp.py:154] [basehttp:log_message] [WARNING]- "GET /DMIN HTTP/1.1" 404 2734
[2019-08-19 11:58:26,410] [basehttp.py:154] [basehttp:log_message] [INFO]- "GET /admin/ HTTP/1.1" 200 10044
[2019-08-19 11:58:26,446] [basehttp.py:154] [basehttp:log_message] [INFO]- "GET /admin/ HTTP/1.1" 200 10044
[2019-08-19 11:58:26,669] [basehttp.py:154] [basehttp:log_message] [INFO]- "GET /static/admin/css/responsive.css HTTP/1.1" 304 0
[2019-08-19 11:58:26,680] [basehttp.py:154] [basehttp:log_message] [INFO]- "GET /static/admin/css/dashboard.css HTTP/1.1" 304 0
[2019-08-19 11:58:26,687] [basehttp.py:154] [basehttp:log_message] [INFO]- "GET /static/admin/css/base.css HTTP/1.1" 304 0
[2019-08-19 11:58:26,861] [basehttp.py:154] [basehttp:log_message] [INFO]- "GET /static/admin/css/fonts.css HTTP/1.1" 304 0
[2019-08-19 11:58:26,990] [basehttp.py:154] [basehttp:log_message] [INFO]- "GET /static/admin/img/icon-addlink.svg HTTP/1.1" 304 0
[2019-08-19 11:58:27,044] [basehttp.py:154] [basehttp:log_message] [INFO]- "GET /static/admin/img/icon-changelink.svg HTTP/1.1" 304 0
[2019-08-19 11:58:27,937] [basehttp.py:154] [basehttp:log_message] [INFO]- "GET /static/admin/fonts/Roboto-Light-webfont.woff HTTP/1.1" 304 0
[2019-08-19 11:58:27,938] [basehttp.py:154] [basehttp:log_message] [INFO]- "GET /static/admin/fonts/Roboto-Regular-webfont.woff HTTP/1.1" 304 0
[2019-08-19 11:58:27,939] [basehttp.py:154] [basehttp:log_message] [INFO]- "GET /static/admin/fonts/Roboto-Bold-webfont.woff HTTP/1.1" 304 0
[2019-08-19 11:58:31,158] [basehttp.py:154] [basehttp:log_message] [INFO]- "GET /admin/userapp/area/ HTTP/1.1" 200 5078
[2019-08-19 11:58:31,213] [basehttp.py:154] [basehttp:log_message] [INFO]- "GET /static/admin/css/changelists.css HTTP/1.1" 304 0
[2019-08-19 11:58:31,215] [basehttp.py:154] [basehttp:log_message] [INFO]- "GET /static/admin/js/vendor/jquery/jquery.js HTTP/1.1" 304 0
[2019-08-19 11:58:31,242] [basehttp.py:154] [basehttp:log_message] [INFO]- "GET /static/admin/js/core.js HTTP/1.1" 304 0
[2019-08-19 11:58:31,254] [basehttp.py:154] [basehttp:log_message] [INFO]- "GET /static/admin/js/jquery.init.js HTTP/1.1" 304 0
[2019-08-19 11:58:31,258] [basehttp.py:154] [basehttp:log_message] [INFO]- "GET /static/admin/js/admin/RelatedObjectLookups.js HTTP/1.1" 304 0
[2019-08-19 11:58:31,265] [basehttp.py:154] [basehttp:log_message] [INFO]- "GET /static/admin/js/urlify.js HTTP/1.1" 304 0
[2019-08-19 11:58:31,274] [basehttp.py:154] [basehttp:log_message] [INFO]- "GET /admin/jsi18n/ HTTP/1.1" 200 7722
[2019-08-19 11:58:31,287] [basehttp.py:154] [basehttp:log_message] [INFO]- "GET /static/admin/js/vendor/xregexp/xregexp.js HTTP/1.1" 304 0
[2019-08-19 11:58:31,313] [basehttp.py:154] [basehttp:log_message] [INFO]- "GET /static/admin/js/actions.js HTTP/1.1" 304 0
[2019-08-19 11:58:31,313] [basehttp.py:154] [basehttp:log_message] [INFO]- "GET /static/admin/js/prepopulate.js HTTP/1.1" 304 0
[2019-08-19 11:58:31,449] [basehttp.py:154] [basehttp:log_message] [INFO]- "GET /static/admin/img/tooltag-add.svg HTTP/1.1" 304 0
[2019-08-19 11:58:47,041] [basehttp.py:154] [basehttp:log_message] [INFO]- "GET /admin/userapp/area/add/ HTTP/1.1" 200 5906
[2019-08-19 11:58:47,064] [basehttp.py:154] [basehttp:log_message] [INFO]- "GET /admin/jsi18n/ HTTP/1.1" 200 7722
[2019-08-19 11:58:47,068] [basehttp.py:154] [basehttp:log_message] [INFO]- "GET /static/admin/css/forms.css HTTP/1.1" 304 0
[2019-08-19 11:58:47,072] [basehttp.py:154] [basehttp:log_message] [INFO]- "GET /static/admin/js/change_form.js HTTP/1.1" 304 0
[2019-08-19 11:58:47,074] [basehttp.py:154] [basehttp:log_message] [INFO]- "GET /static/admin/js/prepopulate_init.js HTTP/1.1" 304 0
[2019-08-19 11:58:47,083] [basehttp.py:154] [basehttp:log_message] [INFO]- "GET /static/admin/css/widgets.css HTTP/1.1" 304 0
[2019-08-19 11:59:12,744] [basehttp.py:154] [basehttp:log_message] [INFO]- "POST /admin/userapp/area/add/ HTTP/1.1" 200 6122
[2019-08-19 11:59:12,768] [basehttp.py:154] [basehttp:log_message] [INFO]- "GET /admin/jsi18n/ HTTP/1.1" 200 7722
[2019-08-19 11:59:45,310] [basehttp.py:154] [basehttp:log_message] [INFO]- "GET /admin/userapp/area/add/ HTTP/1.1" 200 5906
[2019-08-19 11:59:47,882] [basehttp.py:154] [basehttp:log_message] [INFO]- "GET /admin/userapp/area/ HTTP/1.1" 200 5078
[2019-08-19 11:59:50,519] [basehttp.py:154] [basehttp:log_message] [INFO]- "GET /admin/userapp/area/110100/change/ HTTP/1.1" 200 6201
[2019-08-19 11:59:50,541] [basehttp.py:154] [basehttp:log_message] [INFO]- "GET /admin/jsi18n/ HTTP/1.1" 200 7722
[2019-08-19 12:00:15,756] [basehttp.py:154] [basehttp:log_message] [INFO]- "POST /admin/userapp/area/110100/change/ HTTP/1.1" 302 0
[2019-08-19 12:00:15,804] [basehttp.py:154] [basehttp:log_message] [INFO]- "GET /admin/userapp/area/ HTTP/1.1" 200 5260
[2019-08-19 12:00:15,875] [basehttp.py:154] [basehttp:log_message] [INFO]- "GET /admin/jsi18n/ HTTP/1.1" 200 7722
[2019-08-19 12:00:15,965] [basehttp.py:154] [basehttp:log_message] [INFO]- "GET /static/admin/img/icon-yes.svg HTTP/1.1" 304 0
[2019-08-19 12:00:24,223] [basehttp.py:154] [basehttp:log_message] [INFO]- "GET /admin/userapp/area/110101/change/ HTTP/1.1" 200 6201
[2019-08-19 12:00:24,247] [basehttp.py:154] [basehttp:log_message] [INFO]- "GET /admin/jsi18n/ HTTP/1.1" 200 7722
[2019-08-19 12:00:25,734] [basehttp.py:154] [basehttp:log_message] [INFO]- "GET /admin/userapp/area/ HTTP/1.1" 200 5078
[2019-08-19 12:00:27,152] [basehttp.py:154] [basehttp:log_message] [INFO]- "GET /admin/userapp/area/110100/change/ HTTP/1.1" 200 6201
[2019-08-19 12:00:27,172] [basehttp.py:154] [basehttp:log_message] [INFO]- "GET /admin/jsi18n/ HTTP/1.1" 200 7722
[2019-08-19 12:00:32,759] [basehttp.py:154] [basehttp:log_message] [INFO]- "GET /admin/userapp/area/ HTTP/1.1" 200 5078
[2019-08-19 12:00:33,728] [basehttp.py:154] [basehttp:log_message] [INFO]- "GET /admin/userapp/area/110000/change/ HTTP/1.1" 200 6196
[2019-08-19 12:00:33,747] [basehttp.py:154] [basehttp:log_message] [INFO]- "GET /admin/jsi18n/ HTTP/1.1" 200 7722
[2019-08-19 12:00:35,732] [basehttp.py:154] [basehttp:log_message] [INFO]- "GET /admin/userapp/area/ HTTP/1.1" 200 5078
[2019-08-19 12:00:37,395] [basehttp.py:154] [basehttp:log_message] [INFO]- "GET /admin/userapp/area/110100/change/ HTTP/1.1" 200 6201
[2019-08-19 12:00:37,415] [basehttp.py:154] [basehttp:log_message] [INFO]- "GET /admin/jsi18n/ HTTP/1.1" 200 7722
[2019-08-19 12:00:40,203] [basehttp.py:154] [basehttp:log_message] [INFO]- "GET /admin/userapp/area/ HTTP/1.1" 200 5078
[2019-08-19 12:00:45,360] [basehttp.py:154] [basehttp:log_message] [INFO]- "GET /admin/userapp/area/110100/change/ HTTP/1.1" 200 6201
[2019-08-19 12:00:45,384] [basehttp.py:154] [basehttp:log_message] [INFO]- "GET /admin/jsi18n/ HTTP/1.1" 200 7722
[2019-08-19 12:00:54,169] [basehttp.py:154] [basehttp:log_message] [INFO]- "POST /admin/userapp/area/110100/change/ HTTP/1.1" 302 0
[2019-08-19 12:00:54,219] [basehttp.py:154] [basehttp:log_message] [INFO]- "GET /admin/userapp/area/ HTTP/1.1" 200 5260
[2019-08-19 12:00:54,288] [basehttp.py:154] [basehttp:log_message] [INFO]- "GET /admin/jsi18n/ HTTP/1.1" 200 7722
[2019-08-19 12:00:56,495] [basehttp.py:154] [basehttp:log_message] [INFO]- "GET /admin/userapp/area/110100/change/ HTTP/1.1" 200 6201
[2019-08-19 12:09:56,832] [autoreload.py:217] [autoreload:trigger_reload] [INFO]- /home/qianchunhui/PycharmProjects/untitled3/userapp/models.py changed, reloading.
[2019-08-19 12:09:59,042] [autoreload.py:597] [autoreload:run_with_reloader] [INFO]- Watching for file changes with StatReloader
[2019-08-19 12:14:34,314] [autoreload.py:217] [autoreload:trigger_reload] [INFO]- /home/qianchunhui/PycharmProjects/untitled3/untitled3/urls.py changed, reloading.
[2019-08-19 12:14:34,807] [autoreload.py:597] [autoreload:run_with_reloader] [INFO]- Watching for file changes with StatReloader
[2019-08-19 12:19:28,136] [autoreload.py:217] [autoreload:trigger_reload] [INFO]- /home/qianchunhui/PycharmProjects/untitled3/userapp/urls.py changed, reloading.
[2019-08-19 12:19:28,464] [autoreload.py:597] [autoreload:run_with_reloader] [INFO]- Watching for file changes with StatReloader
[2019-08-19 12:19:31,589] [basehttp.py:154] [basehttp:log_message] [INFO]- "GET /admin/userapp/area/ HTTP/1.1" 200 5078
[2019-08-19 12:19:32,708] [basehttp.py:154] [basehttp:log_message] [INFO]- "GET /admin/userapp/area/110100/change/ HTTP/1.1" 200 6201
[2019-08-19 12:19:33,405] [basehttp.py:154] [basehttp:log_message] [INFO]- "GET /admin/userapp/area/ HTTP/1.1" 200 5078
[2019-08-19 12:19:33,968] [basehttp.py:154] [basehttp:log_message] [INFO]- "GET /admin/ HTTP/1.1" 200 10074
[2019-08-19 12:20:41,379] [autoreload.py:597] [autoreload:run_with_reloader] [INFO]- Watching for file changes with StatReloader
[2019-08-19 12:20:49,916] [basehttp.py:154] [basehttp:log_message] [INFO]- "GET / HTTP/1.1" 200 3948
[2019-08-19 12:20:52,907] [log.py:228] [log:log_response] [WARNING]- Not Found: /user/register
[2019-08-19 12:20:52,907] [basehttp.py:154] [basehttp:log_message] [WARNING]- "GET /user/register HTTP/1.1" 404 2929
[2019-08-19 12:21:19,525] [autoreload.py:597] [autoreload:run_with_reloader] [INFO]- Watching for file changes with StatReloader
[2019-08-19 12:21:21,162] [log.py:228] [log:log_response] [WARNING]- Not Found: /user/register
[2019-08-19 12:21:21,163] [basehttp.py:154] [basehttp:log_message] [WARNING]- "GET /user/register HTTP/1.1" 404 2928
[2019-08-19 12:21:27,547] [basehttp.py:154] [basehttp:log_message] [INFO]- "GET / HTTP/1.1" 200 3948
[2019-08-19 12:21:28,895] [log.py:228] [log:log_response] [WARNING]- Not Found: /user/register
[2019-08-19 12:21:28,896] [basehttp.py:154] [basehttp:log_message] [WARNING]- "GET /user/register HTTP/1.1" 404 2928
[2019-08-19 12:21:47,164] [log.py:228] [log:log_response] [WARNING]- Not Found: /user/register
[2019-08-19 12:21:47,165] [basehttp.py:154] [basehttp:log_message] [WARNING]- "GET /user/register HTTP/1.1" 404 2928
[2019-08-19 12:21:50,838] [log.py:228] [log:log_response] [WARNING]- Not Found: /user/ register
[2019-08-19 12:21:50,839] [basehttp.py:154] [basehttp:log_message] [WARNING]- "GET /user/%20register HTTP/1.1" 404 2933
[2019-08-19 12:22:32,228] [autoreload.py:217] [autoreload:trigger_reload] [INFO]- /home/qianchunhui/PycharmProjects/untitled3/untitled3/urls.py changed, reloading.
[2019-08-19 12:22:32,573] [autoreload.py:597] [autoreload:run_with_reloader] [INFO]- Watching for file changes with StatReloader
[2019-08-19 12:22:35,605] [autoreload.py:597] [autoreload:run_with_reloader] [INFO]- Watching for file changes with StatReloader
[2019-08-19 12:22:41,112] [log.py:228] [log:log_response] [WARNING]- Not Found: /user、register
[2019-08-19 12:22:41,113] [basehttp.py:154] [basehttp:log_message] [WARNING]- "GET /user%E3%80%81register HTTP/1.1" 404 2939
[2019-08-19 12:22:47,599] [log.py:228] [log:log_response] [WARNING]- Not Found: /user/register
[2019-08-19 12:22:47,600] [basehttp.py:154] [basehttp:log_message] [WARNING]- "GET /user/register HTTP/1.1" 404 2927
[2019-08-19 12:23:11,559] [autoreload.py:217] [autoreload:trigger_reload] [INFO]- /home/qianchunhui/PycharmProjects/untitled3/untitled3/urls.py changed, reloading.
[2019-08-19 12:23:11,889] [autoreload.py:597] [autoreload:run_with_reloader] [INFO]- Watching for file changes with StatReloader
[2019-08-19 12:23:12,921] [basehttp.py:154] [basehttp:log_message] [INFO]- "GET /user/register HTTP/1.1" 200 2847
[2019-08-19 12:23:17,166] [basehttp.py:154] [basehttp:log_message] [INFO]- "GET /user/register? HTTP/1.1" 200 2847
[2019-08-19 12:25:54,734] [autoreload.py:597] [autoreload:run_with_reloader] [INFO]- Watching for file changes with StatReloader
[2019-08-19 12:25:56,831] [basehttp.py:154] [basehttp:log_message] [INFO]- "GET /user/register HTTP/1.1" 200 2913
[2019-08-19 12:26:01,002] [basehttp.py:154] [basehttp:log_message] [INFO]- "GET /user/register HTTP/1.1" 200 2913
[2019-08-19 12:28:12,136] [basehttp.py:154] [basehttp:log_message] [INFO]- "GET /user/register HTTP/1.1" 200 2913
[2019-08-19 12:28:13,619] [log.py:228] [log:log_response] [WARNING]- Forbidden (CSRF token missing or incorrect.): /user/register
[2019-08-19 12:28:13,620] [basehttp.py:154] [basehttp:log_message] [WARNING]- "POST /user/register HTTP/1.1" 403 2508
[2019-08-19 12:28:32,226] [basehttp.py:154] [basehttp:log_message] [INFO]- "GET / HTTP/1.1" 200 3948
[2019-08-19 12:28:55,758] [autoreload.py:597] [autoreload:run_with_reloader] [INFO]- Watching for file changes with StatReloader
[2019-08-19 12:28:58,134] [basehttp.py:154] [basehttp:log_message] [INFO]- "GET / HTTP/1.1" 200 3948
[2019-08-19 12:28:59,230] [basehttp.py:154] [basehttp:log_message] [INFO]- "GET /user/register HTTP/1.1" 200 2913
[2019-08-19 12:28:59,922] [basehttp.py:154] [basehttp:log_message] [INFO]- "GET / HTTP/1.1" 200 3948
[2019-08-19 12:29:01,027] [basehttp.py:154] [basehttp:log_message] [INFO]- "GET /user/register HTTP/1.1" 200 2913
[2019-08-19 12:29:02,402] [log.py:228] [log:log_response] [WARNING]- Forbidden (CSRF token missing or incorrect.): /user/register
[2019-08-19 12:29:02,404] [basehttp.py:154] [basehttp:log_message] [WARNING]- "POST /user/register HTTP/1.1" 403 2508
[2019-08-19 12:31:24,591] [autoreload.py:597] [autoreload:run_with_reloader] [INFO]- Watching for file changes with StatReloader
[2019-08-19 12:31:26,180] [basehttp.py:154] [basehttp:log_message] [INFO]- "GET /user/register HTTP/1.1" 200 3187
[2019-08-19 12:31:28,412] [base.py:102] [base:http_method_not_allowed] [WARNING]- Method Not Allowed (POST): /user/register
[2019-08-19 12:31:28,413] [log.py:228] [log:log_response] [WARNING]- Method Not Allowed: /user/register
[2019-08-19 12:31:28,414] [basehttp.py:154] [basehttp:log_message] [WARNING]- "POST /user/register HTTP/1.1" 405 0
[2019-08-19 12:34:01,574] [autoreload.py:597] [autoreload:run_with_reloader] [INFO]- Watching for file changes with StatReloader
[2019-08-19 12:34:06,671] [basehttp.py:154] [basehttp:log_message] [INFO]- "GET /user/register HTTP/1.1" 200 3187
[2019-08-19 12:34:08,025] [basehttp.py:154] [basehttp:log_message] [INFO]- "POST /user/register HTTP/1.1" 200 2
[2019-08-19 12:34:09,639] [basehttp.py:154] [basehttp:log_message] [INFO]- "GET /user/register HTTP/1.1" 200 3187
[2019-08-19 12:43:24,724] [autoreload.py:597] [autoreload:run_with_reloader] [INFO]- Watching for file changes with StatReloader
[2019-08-19 12:43:26,357] [basehttp.py:154] [basehttp:log_message] [INFO]- "GET /user/register HTTP/1.1" 200 3183
[2019-08-19 12:43:41,584] [basehttp.py:154] [basehttp:log_message] [INFO]- "POST /user/register HTTP/1.1" 200 2
[2019-08-19 12:49:33,642] [autoreload.py:597] [autoreload:run_with_reloader] [INFO]- Watching for file changes with StatReloader
[2019-08-19 12:49:37,885] [basehttp.py:154] [basehttp:log_message] [INFO]- "GET /user/register HTTP/1.1" 200 3203
[2019-08-19 12:50:45,540] [autoreload.py:597] [autoreload:run_with_reloader] [INFO]- Watching for file changes with StatReloader
[2019-08-19 12:50:46,135] [basehttp.py:154] [basehttp:log_message] [INFO]- "GET /user/register HTTP/1.1" 200 3276
[2019-08-19 12:50:46,274] [basehttp.py:154] [basehttp:log_message] [WARNING]- "GET /static/js/jquery-1.11.3.js HTTP/1.1" 404 1681
[2019-08-19 12:51:45,328] [autoreload.py:597] [autoreload:run_with_reloader] [INFO]- Watching for file changes with StatReloader
[2019-08-19 12:51:47,219] [basehttp.py:154] [basehttp:log_message] [INFO]- "GET /user/register HTTP/1.1" 200 3275
[2019-08-19 12:51:47,453] [basehttp.py:154] [basehttp:log_message] [INFO]- "GET /media/js/jquery-1.11.3.js HTTP/1.1" 200 284394
[2019-08-19 12:53:25,437] [autoreload.py:597] [autoreload:run_with_reloader] [INFO]- Watching for file changes with StatReloader
[2019-08-19 12:53:27,948] [basehttp.py:154] [basehttp:log_message] [INFO]- "GET /user/register HTTP/1.1" 200 3271
[2019-08-19 13:10:25,266] [autoreload.py:597] [autoreload:run_with_reloader] [INFO]- Watching for file changes with StatReloader
[2019-08-19 13:10:29,917] [autoreload.py:597] [autoreload:run_with_reloader] [INFO]- Watching for file changes with StatReloader
[2019-08-19 13:10:35,443] [basehttp.py:154] [basehttp:log_message] [INFO]- "GET /user/register HTTP/1.1" 200 3679
[2019-08-19 13:10:41,235] [basehttp.py:154] [basehttp:log_message] [INFO]- "POST /user/register HTTP/1.1" 200 2
[2019-08-19 13:11:37,373] [basehttp.py:154] [basehttp:log_message] [INFO]- "GET /user/register HTTP/1.1" 200 3679
[2019-08-19 13:11:39,695] [basehttp.py:154] [basehttp:log_message] [INFO]- "POST /user/register HTTP/1.1" 200 2
[2019-08-19 13:11:41,264] [basehttp.py:154] [basehttp:log_message] [INFO]- "GET /user/register HTTP/1.1" 200 3679
[2019-08-19 13:14:22,759] [autoreload.py:597] [autoreload:run_with_reloader] [INFO]- Watching for file changes with StatReloader
[2019-08-19 13:14:32,152] [basehttp.py:154] [basehttp:log_message] [INFO]- "GET / HTTP/1.1" 200 3947
[2019-08-19 13:14:33,945] [basehttp.py:154] [basehttp:log_message] [INFO]- "GET /user/register HTTP/1.1" 200 3738
[2019-08-19 13:14:35,409] [basehttp.py:154] [basehttp:log_message] [INFO]- "POST /user/register HTTP/1.1" 200 2
[2019-08-19 13:14:36,539] [basehttp.py:154] [basehttp:log_message] [INFO]- "GET /user/register HTTP/1.1" 200 3738
[2019-08-19 13:38:22,496] [autoreload.py:217] [autoreload:trigger_reload] [INFO]- /home/qianchunhui/PycharmProjects/untitled3/userapp/views.py changed, reloading.
[2019-08-19 13:38:23,054] [autoreload.py:597] [autoreload:run_with_reloader] [INFO]- Watching for file changes with StatReloader
[2019-08-19 13:48:53,490] [autoreload.py:597] [autoreload:run_with_reloader] [INFO]- Watching for file changes with StatReloader
[2019-08-19 13:48:57,548] [basehttp.py:154] [basehttp:log_message] [INFO]- "GET /user/register HTTP/1.1" 200 3683
[2019-08-19 13:49:01,285] [basehttp.py:154] [basehttp:log_message] [INFO]- "POST /user/register HTTP/1.1" 200 2
[2019-08-19 13:49:02,717] [basehttp.py:154] [basehttp:log_message] [INFO]- "GET /user/register HTTP/1.1" 200 3683
[2019-08-19 13:49:36,532] [autoreload.py:597] [autoreload:run_with_reloader] [INFO]- Watching for file changes with StatReloader
[2019-08-19 13:49:39,073] [basehttp.py:154] [basehttp:log_message] [INFO]- "GET /user/register HTTP/1.1" 200 3685
[2019-08-19 13:49:43,551] [basehttp.py:154] [basehttp:log_message] [INFO]- "POST /user/register HTTP/1.1" 200 2
[2019-08-19 13:51:07,890] [autoreload.py:597] [autoreload:run_with_reloader] [INFO]- Watching for file changes with StatReloader
[2019-08-19 13:51:09,152] [basehttp.py:154] [basehttp:log_message] [INFO]- "GET /user/register HTTP/1.1" 200 3695
[2019-08-19 13:51:16,838] [basehttp.py:154] [basehttp:log_message] [INFO]- "POST /user/register HTTP/1.1" 200 2
[2019-08-19 13:51:56,908] [basehttp.py:154] [basehttp:log_message] [INFO]- "GET /user/register HTTP/1.1" 200 3695
[2019-08-19 13:52:48,868] [basehttp.py:154] [basehttp:log_message] [INFO]- "GET /user/register HTTP/1.1" 200 3695
[2019-08-19 13:52:49,011] [basehttp.py:154] [basehttp:log_message] [INFO]- "GET /media/js/jquery-1.11.3.js HTTP/1.1" 200 284394
[2019-08-19 13:53:49,293] [autoreload.py:597] [autoreload:run_with_reloader] [INFO]- Watching for file changes with StatReloader
[2019-08-19 13:53:50,816] [basehttp.py:154] [basehttp:log_message] [INFO]- "GET /user/register HTTP/1.1" 200 3696
[2019-08-19 13:53:50,842] [basehttp.py:154] [basehttp:log_message] [INFO]- "GET /media/js/jquery-1.11.3.js HTTP/1.1" 200 284394
[2019-08-19 13:54:38,151] [autoreload.py:597] [autoreload:run_with_reloader] [INFO]- Watching for file changes with StatReloader
[2019-08-19 13:54:40,242] [basehttp.py:154] [basehttp:log_message] [INFO]- "GET /user/register HTTP/1.1" 200 3696
[2019-08-19 13:54:40,262] [basehttp.py:154] [basehttp:log_message] [INFO]- "GET /media/js/jquery-1.11.3.js HTTP/1.1" 200 284394
[2019-08-19 13:54:45,243] [basehttp.py:154] [basehttp:log_message] [INFO]- "GET / HTTP/1.1" 200 3948
[2019-08-19 13:54:45,486] [basehttp.py:154] [basehttp:log_message] [INFO]- "GET /media/color/w_jd5u1YS.jpg HTTP/1.1" 200 23864
[2019-08-19 13:54:52,017] [basehttp.py:154] [basehttp:log_message] [INFO]- "GET /user/register HTTP/1.1" 200 3696
[2019-08-19 13:54:52,048] [basehttp.py:154] [basehttp:log_message] [INFO]- "GET /media/js/jquery-1.11.3.js HTTP/1.1" 200 284394
[2019-08-19 13:55:14,821] [autoreload.py:597] [autoreload:run_with_reloader] [INFO]- Watching for file changes with StatReloader
[2019-08-19 13:55:18,766] [basehttp.py:154] [basehttp:log_message] [INFO]- "GET /user/register HTTP/1.1" 200 3697
[2019-08-19 13:55:18,786] [basehttp.py:154] [basehttp:log_message] [INFO]- "GET /media/js/jquery-1.11.3.js HTTP/1.1" 200 284394
[2019-08-19 13:56:43,973] [autoreload.py:597] [autoreload:run_with_reloader] [INFO]- Watching for file changes with StatReloader
[2019-08-19 13:57:06,068] [basehttp.py:154] [basehttp:log_message] [INFO]- "GET /user/register HTTP/1.1" 200 3698
[2019-08-19 13:57:06,281] [basehttp.py:154] [basehttp:log_message] [INFO]- "GET /media/js/jquery-1.11.3.js HTTP/1.1" 200 284394
[2019-08-19 13:57:25,223] [basehttp.py:154] [basehttp:log_message] [INFO]- "GET /user/register HTTP/1.1" 200 3698
[2019-08-19 13:57:25,243] [basehttp.py:154] [basehttp:log_message] [INFO]- "GET /media/js/jquery-1.11.3.js HTTP/1.1" 200 284394
[2019-08-19 13:57:56,033] [autoreload.py:597] [autoreload:run_with_reloader] [INFO]- Watching for file changes with StatReloader
[2019-08-19 13:57:57,511] [basehttp.py:154] [basehttp:log_message] [INFO]- "GET /user/register HTTP/1.1" 200 3698
[2019-08-19 13:57:57,540] [basehttp.py:154] [basehttp:log_message] [INFO]- "GET /media/js/jquery-1.11.3.js HTTP/1.1" 200 284394
[2019-08-19 13:58:48,204] [autoreload.py:597] [autoreload:run_with_reloader] [INFO]- Watching for file changes with StatReloader
[2019-08-19 13:58:50,048] [basehttp.py:154] [basehttp:log_message] [INFO]- "GET /user/register HTTP/1.1" 200 3697
[2019-08-19 13:58:50,072] [basehttp.py:154] [basehttp:log_message] [INFO]- "GET /media/js/jquery-1.11.3.js HTTP/1.1" 200 284394
[2019-08-19 13:59:05,846] [basehttp.py:154] [basehttp:log_message] [INFO]- "POST /user/register HTTP/1.1" 200 2
[2019-08-19 14:01:43,960] [basehttp.py:154] [basehttp:log_message] [INFO]- "GET /user/register HTTP/1.1" 200 3724
[2019-08-19 14:03:18,004] [autoreload.py:597] [autoreload:run_with_reloader] [INFO]- Watching for file changes with StatReloader
[2019-08-19 14:03:22,156] [log.py:228] [log:log_response] [WARNING]- Not Found: /user/
[2019-08-19 14:03:22,157] [basehttp.py:154] [basehttp:log_message] [WARNING]- "GET /user/ HTTP/1.1" 404 3068
[2019-08-19 14:03:25,826] [basehttp.py:154] [basehttp:log_message] [INFO]- "GET / HTTP/1.1" 200 3948
[2019-08-19 14:03:25,926] [basehttp.py:154] [basehttp:log_message] [INFO]- "GET /media/color/w_jd5u1YS.jpg HTTP/1.1" 200 23864
[2019-08-19 14:03:27,349] [basehttp.py:154] [basehttp:log_message] [INFO]- "GET /user/register HTTP/1.1" 200 3697
[2019-08-19 14:04:34,128] [autoreload.py:597] [autoreload:run_with_reloader] [INFO]- Watching for file changes with StatReloader
[2019-08-19 14:04:37,076] [basehttp.py:154] [basehttp:log_message] [INFO]- "GET /user/register HTTP/1.1" 200 3700
[2019-08-19 14:04:43,389] [basehttp.py:154] [basehttp:log_message] [INFO]- "POST /user/register HTTP/1.1" 200 2
[2019-08-19 14:04:45,856] [basehttp.py:154] [basehttp:log_message] [INFO]- "GET /user/register HTTP/1.1" 200 3700
[2019-08-19 14:05:43,338] [autoreload.py:597] [autoreload:run_with_reloader] [INFO]- Watching for file changes with StatReloader
[2019-08-19 14:05:44,728] [basehttp.py:154] [basehttp:log_message] [INFO]- "GET /user/register HTTP/1.1" 200 3700
[2019-08-19 14:05:44,744] [basehttp.py:154] [basehttp:log_message] [INFO]- "GET /media/js/jquery-1.11.3.js HTTP/1.1" 200 284394
[2019-08-19 14:05:51,624] [basehttp.py:154] [basehttp:log_message] [INFO]- "POST /user/register HTTP/1.1" 200 2
[2019-08-19 14:05:55,621] [basehttp.py:154] [basehttp:log_message] [INFO]- "GET /user/register HTTP/1.1" 200 3700
[2019-08-19 14:05:55,645] [basehttp.py:154] [basehttp:log_message] [INFO]- "GET /media/js/jquery-1.11.3.js HTTP/1.1" 200 284394
[2019-08-19 14:06:00,788] [basehttp.py:154] [basehttp:log_message] [INFO]- "POST /user/register HTTP/1.1" 200 2
[2019-08-19 14:06:02,949] [basehttp.py:154] [basehttp:log_message] [INFO]- "GET /user/register HTTP/1.1" 200 3700
[2019-08-19 14:06:54,045] [autoreload.py:597] [autoreload:run_with_reloader] [INFO]- Watching for file changes with StatReloader
[2019-08-19 14:06:58,556] [basehttp.py:154] [basehttp:log_message] [INFO]- "GET /user/register HTTP/1.1" 200 3702
[2019-08-19 14:06:58,613] [basehttp.py:154] [basehttp:log_message] [INFO]- "GET /user/checkUname/?uname=%5Bobject+Object%5D HTTP/1.1" 200 15
[2019-08-19 14:07:14,842] [basehttp.py:154] [basehttp:log_message] [INFO]- "GET /user/register HTTP/1.1" 200 3702
[2019-08-19 14:07:14,893] [basehttp.py:154] [basehttp:log_message] [INFO]- "GET /user/checkUname/?uname=%5Bobject+Object%5D HTTP/1.1" 200 15
[2019-08-19 14:07:22,573] [basehttp.py:154] [basehttp:log_message] [INFO]- "GET / HTTP/1.1" 200 3948
[2019-08-19 14:07:23,261] [basehttp.py:154] [basehttp:log_message] [INFO]- "GET /user/register HTTP/1.1" 200 3702
[2019-08-19 14:07:23,306] [basehttp.py:154] [basehttp:log_message] [INFO]- "GET /user/checkUname/?uname=%5Bobject+Object%5D HTTP/1.1" 200 15
[2019-08-19 14:09:00,078] [autoreload.py:597] [autoreload:run_with_reloader] [INFO]- Watching for file changes with StatReloader
[2019-08-19 14:09:02,279] [basehttp.py:154] [basehttp:log_message] [INFO]- "GET /user/register HTTP/1.1" 200 3703
[2019-08-19 14:09:02,322] [basehttp.py:154] [basehttp:log_message] [INFO]- "GET /user/checkUname/?uname=%5Bobject+Object%5D HTTP/1.1" 200 15
[2019-08-19 14:10:00,128] [autoreload.py:217] [autoreload:trigger_reload] [INFO]- /home/qianchunhui/PycharmProjects/untitled3/userapp/views.py changed, reloading.
[2019-08-19 14:10:00,504] [autoreload.py:597] [autoreload:run_with_reloader] [INFO]- Watching for file changes with StatReloader
[2019-08-19 14:12:24,583] [autoreload.py:597] [autoreload:run_with_reloader] [INFO]- Watching for file changes with StatReloader
[2019-08-19 14:12:28,039] [basehttp.py:154] [basehttp:log_message] [INFO]- "GET / HTTP/1.1" 200 3948
[2019-08-19 14:12:29,356] [basehttp.py:154] [basehttp:log_message] [INFO]- "GET /user/register HTTP/1.1" 200 3699
[2019-08-19 14:12:34,893] [basehttp.py:154] [basehttp:log_message] [INFO]- "POST /user/register HTTP/1.1" 200 2
[2019-08-19 14:12:36,218] [basehttp.py:154] [basehttp:log_message] [INFO]- "GET /user/register HTTP/1.1" 200 3699
[2019-08-19 14:12:53,545] [autoreload.py:597] [autoreload:run_with_reloader] [INFO]- Watching for file changes with StatReloader
[2019-08-19 14:12:54,897] [basehttp.py:154] [basehttp:log_message] [INFO]- "GET /user/register HTTP/1.1" 200 3702
[2019-08-19 14:12:54,944] [basehttp.py:154] [basehttp:log_message] [INFO]- "GET /user/checkUname/?uname=%5Bobject+Object%5D HTTP/1.1" 200 15
[2019-08-19 14:14:03,372] [autoreload.py:597] [autoreload:run_with_reloader] [INFO]- Watching for file changes with StatReloader
[2019-08-19 14:14:07,590] [basehttp.py:154] [basehttp:log_message] [INFO]- "GET /user/register HTTP/1.1" 200 3702
[2019-08-19 14:14:07,630] [basehttp.py:154] [basehttp:log_message] [INFO]- "GET /user/checkUname/?uname=%5Bobject+Object%5D HTTP/1.1" 200 15
[2019-08-19 14:14:56,954] [autoreload.py:597] [autoreload:run_with_reloader] [INFO]- Watching for file changes with StatReloader
[2019-08-19 14:14:59,509] [basehttp.py:154] [basehttp:log_message] [INFO]- "GET /user/register HTTP/1.1" 200 3704
[2019-08-19 14:14:59,543] [basehttp.py:154] [basehttp:log_message] [INFO]- "GET /media/js/jquery-1.11.3.js HTTP/1.1" 200 284394
[2019-08-19 14:14:59,656] [basehttp.py:154] [basehttp:log_message] [INFO]- "GET /user/checkUname/?uname=%5Bobject+Object%5D HTTP/1.1" 200 15
[2019-08-19 14:15:22,381] [basehttp.py:154] [basehttp:log_message] [INFO]- "GET /user/register HTTP/1.1" 200 3701
[2019-08-19 14:21:14,219] [autoreload.py:597] [autoreload:run_with_reloader] [INFO]- Watching for file changes with StatReloader
[2019-08-19 14:21:18,958] [basehttp.py:154] [basehttp:log_message] [INFO]- "GET / HTTP/1.1" 200 3948
[2019-08-19 14:21:20,972] [basehttp.py:154] [basehttp:log_message] [INFO]- "GET /user/register HTTP/1.1" 200 3701
[2019-08-19 14:22:32,557] [autoreload.py:597] [autoreload:run_with_reloader] [INFO]- Watching for file changes with StatReloader
[2019-08-19 14:22:35,264] [basehttp.py:154] [basehttp:log_message] [INFO]- "GET /user/register HTTP/1.1" 200 3393
[2019-08-19 14:23:51,403] [basehttp.py:154] [basehttp:log_message] [INFO]- "GET /user/register HTTP/1.1" 200 3700
[2019-08-19 14:23:54,527] [basehttp.py:154] [basehttp:log_message] [INFO]- "GET /user/register HTTP/1.1" 200 3700
[2019-08-19 14:28:46,268] [autoreload.py:597] [autoreload:run_with_reloader] [INFO]- Watching for file changes with StatReloader
[2019-08-19 14:28:51,958] [basehttp.py:154] [basehttp:log_message] [INFO]- "GET / HTTP/1.1" 200 3948
[2019-08-19 14:28:53,024] [basehttp.py:154] [basehttp:log_message] [INFO]- "GET /user/register HTTP/1.1" 200 3892
[2019-08-19 14:28:57,201] [basehttp.py:154] [basehttp:log_message] [INFO]- "POST /user/register HTTP/1.1" 200 2
[2019-08-19 14:28:58,327] [basehttp.py:154] [basehttp:log_message] [INFO]- "GET /user/register HTTP/1.1" 200 3892
[2019-08-19 14:29:21,212] [basehttp.py:154] [basehttp:log_message] [INFO]- "GET / HTTP/1.1" 200 3948
[2019-08-19 14:29:24,533] [basehttp.py:154] [basehttp:log_message] [INFO]- "GET / HTTP/1.1" 200 3948
[2019-08-19 14:29:28,671] [basehttp.py:154] [basehttp:log_message] [INFO]- "GET /user/register HTTP/1.1" 200 3895
[2019-08-19 14:29:28,752] [basehttp.py:154] [basehttp:log_message] [INFO]- "GET /user/checkUname/?uname=%5Bobject+Object%5D HTTP/1.1" 200 15
[2019-08-19 14:30:16,853] [autoreload.py:217] [autoreload:trigger_reload] [INFO]- /home/qianchunhui/PycharmProjects/untitled3/userapp/views.py changed, reloading.
[2019-08-19 14:30:17,232] [autoreload.py:597] [autoreload:run_with_reloader] [INFO]- Watching for file changes with StatReloader
[2019-08-19 14:30:23,210] [autoreload.py:597] [autoreload:run_with_reloader] [INFO]- Watching for file changes with StatReloader
[2019-08-19 14:30:26,409] [basehttp.py:154] [basehttp:log_message] [INFO]- "GET /user/register HTTP/1.1" 200 3893
[2019-08-19 14:30:26,455] [basehttp.py:154] [basehttp:log_message] [INFO]- "GET /user/checkUname/?uname=%5Bobject+Object%5D HTTP/1.1" 200 15
[2019-08-19 14:32:11,964] [autoreload.py:597] [autoreload:run_with_reloader] [INFO]- Watching for file changes with StatReloader
[2019-08-19 14:32:14,558] [basehttp.py:154] [basehttp:log_message] [INFO]- "GET /user/register HTTP/1.1" 200 3928
[2019-08-19 14:32:14,596] [basehttp.py:154] [basehttp:log_message] [INFO]- "GET /media/js/jquery-1.11.3.js HTTP/1.1" 200 284394
[2019-08-19 14:32:18,548] [basehttp.py:154] [basehttp:log_message] [INFO]- "GET /user/checkUname/?uname=%5Bobject+Object%5D HTTP/1.1" 200 15
[2019-08-19 14:33:06,589] [autoreload.py:597] [autoreload:run_with_reloader] [INFO]- Watching for file changes with StatReloader
[2019-08-19 14:33:08,281] [basehttp.py:154] [basehttp:log_message] [INFO]- "GET /user/register HTTP/1.1" 200 3893
[2019-08-19 14:33:08,303] [basehttp.py:154] [basehttp:log_message] [INFO]- "GET /media/js/jquery-1.11.3.js HTTP/1.1" 200 284394
[2019-08-19 14:33:08,418] [basehttp.py:154] [basehttp:log_message] [INFO]- "GET /user/checkUname/?uname=%5Bobject+Object%5D HTTP/1.1" 200 14
[2019-08-19 14:34:04,490] [autoreload.py:217] [autoreload:trigger_reload] [INFO]- /home/qianchunhui/PycharmProjects/untitled3/userapp/views.py changed, reloading.
[2019-08-19 14:34:04,857] [autoreload.py:597] [autoreload:run_with_reloader] [INFO]- Watching for file changes with StatReloader
[2019-08-19 14:34:06,320] [basehttp.py:154] [basehttp:log_message] [INFO]- "GET /user/register HTTP/1.1" 200 3893
[2019-08-19 14:34:06,341] [basehttp.py:154] [basehttp:log_message] [INFO]- "GET /media/js/jquery-1.11.3.js HTTP/1.1" 200 284394
[2019-08-19 14:34:06,467] [basehttp.py:154] [basehttp:log_message] [INFO]- "GET /user/checkUname/?uname=%5Bobject+Object%5D HTTP/1.1" 200 14
[2019-08-19 14:34:13,576] [autoreload.py:597] [autoreload:run_with_reloader] [INFO]- Watching for file changes with StatReloader
[2019-08-19 14:34:15,246] [basehttp.py:154] [basehttp:log_message] [INFO]- "GET /user/register HTTP/1.1" 200 3893
[2019-08-19 14:34:15,265] [basehttp.py:154] [basehttp:log_message] [INFO]- "GET /media/js/jquery-1.11.3.js HTTP/1.1" 200 284394
[2019-08-19 14:34:15,398] [basehttp.py:154] [basehttp:log_message] [INFO]- "GET /user/checkUname/?uname=%5Bobject+Object%5D HTTP/1.1" 200 14
[2019-08-19 14:37:26,991] [basehttp.py:154] [basehttp:log_message] [INFO]- "GET / HTTP/1.1" 200 3948
[2019-08-19 14:44:29,273] [autoreload.py:597] [autoreload:run_with_reloader] [INFO]- Watching for file changes with StatReloader
[2019-08-19 14:44:35,750] [basehttp.py:154] [basehttp:log_message] [INFO]- "GET /user/register HTTP/1.1" 200 3971
[2019-08-19 14:45:42,055] [autoreload.py:597] [autoreload:run_with_reloader] [INFO]- Watching for file changes with StatReloader
[2019-08-19 14:45:43,072] [basehttp.py:154] [basehttp:log_message] [INFO]- "GET /user/register HTTP/1.1" 200 3953
[2019-08-19 14:45:43,234] [basehttp.py:154] [basehttp:log_message] [INFO]- "GET /media/js/jquery-1.11.3.js HTTP/1.1" 200 284394
[2019-08-19 14:47:00,030] [autoreload.py:597] [autoreload:run_with_reloader] [INFO]- Watching for file changes with StatReloader
[2019-08-19 14:47:05,890] [basehttp.py:154] [basehttp:log_message] [INFO]- "GET /user/register HTTP/1.1" 200 3894
[2019-08-19 14:47:05,987] [basehttp.py:154] [basehttp:log_message] [INFO]- "GET /user/checkUname/?uname=%5Bobject+Object%5D HTTP/1.1" 200 14
[2019-08-19 14:48:58,273] [autoreload.py:597] [autoreload:run_with_reloader] [INFO]- Watching for file changes with StatReloader
[2019-08-19 14:49:01,639] [basehttp.py:154] [basehttp:log_message] [INFO]- "GET /user/register HTTP/1.1" 200 3890
[2019-08-19 14:49:01,671] [basehttp.py:154] [basehttp:log_message] [INFO]- "GET /media/js/jquery-1.11.3.js HTTP/1.1" 200 284394
[2019-08-19 14:49:05,588] [basehttp.py:154] [basehttp:log_message] [INFO]- "GET /user/checkUname/?uname=123%40qq.com HTTP/1.1" 200 14
[2019-08-19 14:49:38,674] [autoreload.py:597] [autoreload:run_with_reloader] [INFO]- Watching for file changes with StatReloader
[2019-08-19 14:49:40,314] [basehttp.py:154] [basehttp:log_message] [INFO]- "GET /user/register HTTP/1.1" 200 3890
[2019-08-19 14:49:42,136] [basehttp.py:154] [basehttp:log_message] [INFO]- "GET /user/checkUname/?uname=123%40qq.com HTTP/1.1" 200 15
[2019-08-19 14:49:58,846] [autoreload.py:217] [autoreload:trigger_reload] [INFO]- /home/qianchunhui/PycharmProjects/untitled3/userapp/views.py changed, reloading.
[2019-08-19 14:49:59,258] [autoreload.py:597] [autoreload:run_with_reloader] [INFO]- Watching for file changes with StatReloader
[2019-08-19 14:50:00,660] [basehttp.py:154] [basehttp:log_message] [INFO]- "POST /user/register HTTP/1.1" 200 2
[2019-08-19 14:50:02,169] [basehttp.py:154] [basehttp:log_message] [INFO]- "GET /user/register HTTP/1.1" 200 3890
[2019-08-19 14:50:02,188] [basehttp.py:154] [basehttp:log_message] [INFO]- "GET /media/js/jquery-1.11.3.js HTTP/1.1" 200 284394
[2019-08-19 14:50:10,270] [basehttp.py:154] [basehttp:log_message] [INFO]- "GET /user/checkUname/?uname=123%40qq.com HTTP/1.1" 200 15
[2019-08-19 14:50:54,309] [autoreload.py:597] [autoreload:run_with_reloader] [INFO]- Watching for file changes with StatReloader
[2019-08-19 14:50:55,564] [basehttp.py:154] [basehttp:log_message] [INFO]- "GET /user/register HTTP/1.1" 200 3925
[2019-08-19 14:50:55,596] [basehttp.py:154] [basehttp:log_message] [INFO]- "GET /media/js/jquery-1.11.3.js HTTP/1.1" 200 284394
[2019-08-19 14:50:58,388] [basehttp.py:154] [basehttp:log_message] [INFO]- "GET /user/checkUname/?uname=123%40qq.com HTTP/1.1" 200 15
[2019-08-19 14:51:41,618] [autoreload.py:597] [autoreload:run_with_reloader] [INFO]- Watching for file changes with StatReloader
[2019-08-19 14:51:44,070] [basehttp.py:154] [basehttp:log_message] [INFO]- "GET /user/register HTTP/1.1" 200 3929
[2019-08-19 14:51:44,096] [basehttp.py:154] [basehttp:log_message] [INFO]- "GET /media/js/jquery-1.11.3.js HTTP/1.1" 200 284394
[2019-08-19 14:51:46,041] [basehttp.py:154] [basehttp:log_message] [INFO]- "GET /user/checkUname/?uname=123%40qq.com HTTP/1.1" 200 15
[2019-08-19 14:52:03,988] [autoreload.py:597] [autoreload:run_with_reloader] [INFO]- Watching for file changes with StatReloader
[2019-08-19 14:52:05,537] [basehttp.py:154] [basehttp:log_message] [INFO]- "GET /user/register HTTP/1.1" 200 3930
[2019-08-19 14:52:05,558] [basehttp.py:154] [basehttp:log_message] [INFO]- "GET /media/js/jquery-1.11.3.js HTTP/1.1" 200 284394
[2019-08-19 14:52:07,719] [basehttp.py:154] [basehttp:log_message] [INFO]- "GET /user/checkUname/?uname=123%40qq.com HTTP/1.1" 200 15
[2019-08-19 15:11:43,090] [autoreload.py:217] [autoreload:trigger_reload] [INFO]- /home/qianchunhui/PycharmProjects/untitled3/userapp/urls.py changed, reloading.
[2019-08-19 15:11:43,553] [autoreload.py:597] [autoreload:run_with_reloader] [INFO]- Watching for file changes with StatReloader
[2019-08-19 15:18:47,971] [autoreload.py:597] [autoreload:run_with_reloader] [INFO]- Watching for file changes with StatReloader
[2019-08-19 15:18:50,853] [basehttp.py:154] [basehttp:log_message] [INFO]- "GET / HTTP/1.1" 200 3948
[2019-08-19 15:18:59,688] [log.py:228] [log:log_response] [WARNING]- Not Found: /user.center
[2019-08-19 15:18:59,689] [basehttp.py:154] [basehttp:log_message] [WARNING]- "GET /user.center HTTP/1.1" 404 2865
[2019-08-19 15:19:05,141] [log.py:228] [log:log_response] [WARNING]- Not Found: /user/center
[2019-08-19 15:19:05,142] [basehttp.py:154] [basehttp:log_message] [WARNING]- "GET /user/center HTTP/1.1" 404 3247
[2019-08-19 15:19:11,487] [basehttp.py:154] [basehttp:log_message] [INFO]- "GET /user/center/ HTTP/1.1" 200 2312
[2019-08-19 15:20:16,681] [autoreload.py:597] [autoreload:run_with_reloader] [INFO]- Watching for file changes with StatReloader
[2019-08-19 15:20:19,170] [log.py:228] [log:log_response] [WARNING]- Not Found: /user/center/
[2019-08-19 15:20:19,170] [basehttp.py:154] [basehttp:log_message] [WARNING]- "GET /user/center/ HTTP/1.1" 404 3249
[2019-08-19 15:20:22,406] [basehttp.py:154] [basehttp:log_message] [INFO]- "GET /user/center HTTP/1.1" 200 2423
[2019-08-19 15:22:33,721] [autoreload.py:597] [autoreload:run_with_reloader] [INFO]- Watching for file changes with StatReloader
[2019-08-19 15:22:37,205] [basehttp.py:154] [basehttp:log_message] [INFO]- "GET /user/center HTTP/1.1" 200 2647
[2019-08-19 15:24:13,030] [autoreload.py:597] [autoreload:run_with_reloader] [INFO]- Watching for file changes with StatReloader
[2019-08-19 15:24:15,243] [basehttp.py:154] [basehttp:log_message] [INFO]- "GET /user/center HTTP/1.1" 200 2672
[2019-08-19 15:25:11,157] [basehttp.py:154] [basehttp:log_message] [INFO]- "GET /user/center HTTP/1.1" 200 2769
[2019-08-19 15:25:57,267] [basehttp.py:154] [basehttp:log_message] [INFO]- "GET /user/center HTTP/1.1" 200 2782
[2019-08-19 15:27:49,782] [basehttp.py:154] [basehttp:log_message] [INFO]- "GET /user/center HTTP/1.1" 200 2820
[2019-08-19 15:29:23,196] [basehttp.py:154] [basehttp:log_message] [INFO]- "GET /user/center HTTP/1.1" 200 2860
[2019-08-19 15:29:41,829] [basehttp.py:154] [basehttp:log_message] [INFO]- "GET /user/center HTTP/1.1" 200 2914
[2019-08-19 15:30:25,052] [basehttp.py:154] [basehttp:log_message] [INFO]- "GET /user/center HTTP/1.1" 200 2820
[2019-08-19 15:30:26,446] [basehttp.py:154] [basehttp:log_message] [INFO]- "GET / HTTP/1.1" 200 3948
[2019-08-19 15:30:27,720] [basehttp.py:154] [basehttp:log_message] [INFO]- "GET /user/register HTTP/1.1" 200 3891
[2019-08-19 15:31:11,486] [basehttp.py:154] [basehttp:log_message] [INFO]- "GET / HTTP/1.1" 200 4042
[2019-08-19 15:31:42,761] [basehttp.py:154] [basehttp:log_message] [INFO]- "GET / HTTP/1.1" 200 4044
[2019-08-19 15:32:06,601] [basehttp.py:154] [basehttp:log_message] [INFO]- "GET / HTTP/1.1" 200 4041
[2019-08-19 15:32:26,134] [basehttp.py:154] [basehttp:log_message] [INFO]- "GET / HTTP/1.1" 200 4043
[2019-08-19 15:32:42,405] [basehttp.py:154] [basehttp:log_message] [INFO]- "GET / HTTP/1.1" 200 4029
[2019-08-19 15:33:06,779] [basehttp.py:154] [basehttp:log_message] [INFO]- "GET / HTTP/1.1" 200 4028
[2019-08-19 15:33:30,057] [basehttp.py:154] [basehttp:log_message] [INFO]- "GET / HTTP/1.1" 200 4028
[2019-08-19 15:33:33,558] [basehttp.py:154] [basehttp:log_message] [INFO]- "GET / HTTP/1.1" 200 4028
[2019-08-19 15:33:49,652] [autoreload.py:597] [autoreload:run_with_reloader] [INFO]- Watching for file changes with StatReloader
[2019-08-19 15:33:51,343] [basehttp.py:154] [basehttp:log_message] [INFO]- "GET / HTTP/1.1" 200 4027
[2019-08-19 15:41:21,508] [autoreload.py:217] [autoreload:trigger_reload] [INFO]- /home/qianchunhui/PycharmProjects/untitled3/untitled3/settings.py changed, reloading.
[2019-08-19 15:41:22,071] [autoreload.py:597] [autoreload:run_with_reloader] [INFO]- Watching for file changes with StatReloader
[2019-08-19 15:49:24,433] [autoreload.py:217] [autoreload:trigger_reload] [INFO]- /home/qianchunhui/PycharmProjects/untitled3/untitled3/settings.py changed, reloading.
[2019-08-19 15:49:26,886] [autoreload.py:597] [autoreload:run_with_reloader] [INFO]- Watching for file changes with StatReloader
[2019-08-19 15:55:44,271] [autoreload.py:217] [autoreload:trigger_reload] [INFO]- /home/qianchunhui/PycharmProjects/untitled3/untitled3/settings.py changed, reloading.
[2019-08-19 15:55:44,695] [autoreload.py:597] [autoreload:run_with_reloader] [INFO]- Watching for file changes with StatReloader
[2019-08-19 15:58:05,405] [autoreload.py:217] [autoreload:trigger_reload] [INFO]- /home/qianchunhui/PycharmProjects/untitled3/untitled3/settings.py changed, reloading.
[2019-08-19 15:58:05,796] [autoreload.py:597] [autoreload:run_with_reloader] [INFO]- Watching for file changes with StatReloader
[2019-08-19 16:05:49,417] [autoreload.py:217] [autoreload:trigger_reload] [INFO]- /home/qianchunhui/PycharmProjects/untitled3/userapp/views.py changed, reloading.
[2019-08-19 16:05:49,731] [autoreload.py:597] [autoreload:run_with_reloader] [INFO]- Watching for file changes with StatReloader
[2019-08-19 16:08:56,587] [autoreload.py:217] [autoreload:trigger_reload] [INFO]- /home/qianchunhui/PycharmProjects/untitled3/userapp/views.py changed, reloading.
[2019-08-19 16:08:57,308] [autoreload.py:597] [autoreload:run_with_reloader] [INFO]- Watching for file changes with StatReloader
[2019-08-19 16:10:13,127] [autoreload.py:217] [autoreload:trigger_reload] [INFO]- /home/qianchunhui/PycharmProjects/untitled3/untitled3/settings.py changed, reloading.
[2019-08-19 16:10:13,674] [autoreload.py:597] [autoreload:run_with_reloader] [INFO]- Watching for file changes with StatReloader
[2019-08-19 18:29:16,389] [autoreload.py:597] [autoreload:run_with_reloader] [INFO]- Watching for file changes with StatReloader
[2019-08-19 18:29:22,601] [log.py:228] [log:log_response] [ERROR]- Internal Server Error: /
Traceback (most recent call last):
  File "/home/qianchunhui/PycharmProjects/untitled3/venv/lib/python3.7/site-packages/django/template/smartif.py", line 175, in translate_token
    op = OPERATORS[token]
KeyError: 'user-session'

During handling of the above exception, another exception occurred:

Traceback (most recent call last):
  File "/home/qianchunhui/PycharmProjects/untitled3/venv/lib/python3.7/site-packages/django/core/handlers/exception.py", line 34, in inner
    response = get_response(request)
  File "/home/qianchunhui/PycharmProjects/untitled3/venv/lib/python3.7/site-packages/django/core/handlers/base.py", line 115, in _get_response
    response = self.process_exception_by_middleware(e, request)
  File "/home/qianchunhui/PycharmProjects/untitled3/venv/lib/python3.7/site-packages/django/core/handlers/base.py", line 113, in _get_response
    response = wrapped_callback(request, *callback_args, **callback_kwargs)
  File "/home/qianchunhui/PycharmProjects/untitled3/venv/lib/python3.7/site-packages/django/views/generic/base.py", line 71, in view
    return self.dispatch(request, *args, **kwargs)
  File "/home/qianchunhui/PycharmProjects/untitled3/venv/lib/python3.7/site-packages/django/views/generic/base.py", line 97, in dispatch
    return handler(request, *args, **kwargs)
  File "/home/qianchunhui/PycharmProjects/untitled3/goods/views.py", line 44, in get
    'currentcid': cid,'pagelist': pagelist, 'currentnum': num})
  File "/home/qianchunhui/PycharmProjects/untitled3/venv/lib/python3.7/site-packages/django/shortcuts.py", line 36, in render
    content = loader.render_to_string(template_name, context, request, using=using)
  File "/home/qianchunhui/PycharmProjects/untitled3/venv/lib/python3.7/site-packages/django/template/loader.py", line 62, in render_to_string
    return template.render(context, request)
  File "/home/qianchunhui/PycharmProjects/untitled3/venv/lib/python3.7/site-packages/django/template/backends/django.py", line 61, in render
    return self.template.render(context)
  File "/home/qianchunhui/PycharmProjects/untitled3/venv/lib/python3.7/site-packages/django/template/base.py", line 171, in render
    return self._render(context)
  File "/home/qianchunhui/PycharmProjects/untitled3/venv/lib/python3.7/site-packages/django/template/base.py", line 163, in _render
    return self.nodelist.render(context)
  File "/home/qianchunhui/PycharmProjects/untitled3/venv/lib/python3.7/site-packages/django/template/base.py", line 937, in render
    bit = node.render_annotated(context)
  File "/home/qianchunhui/PycharmProjects/untitled3/venv/lib/python3.7/site-packages/django/template/base.py", line 904, in render_annotated
    return self.render(context)
  File "/home/qianchunhui/PycharmProjects/untitled3/venv/lib/python3.7/site-packages/django/template/loader_tags.py", line 127, in render
    compiled_parent = self.get_parent(context)
  File "/home/qianchunhui/PycharmProjects/untitled3/venv/lib/python3.7/site-packages/django/template/loader_tags.py", line 124, in get_parent
    return self.find_template(parent, context)
  File "/home/qianchunhui/PycharmProjects/untitled3/venv/lib/python3.7/site-packages/django/template/loader_tags.py", line 104, in find_template
    template_name, skip=history,
  File "/home/qianchunhui/PycharmProjects/untitled3/venv/lib/python3.7/site-packages/django/template/engine.py", line 125, in find_template
    template = loader.get_template(name, skip=skip)
  File "/home/qianchunhui/PycharmProjects/untitled3/venv/lib/python3.7/site-packages/django/template/loaders/base.py", line 30, in get_template
    contents, origin, origin.template_name, self.engine,
  File "/home/qianchunhui/PycharmProjects/untitled3/venv/lib/python3.7/site-packages/django/template/base.py", line 156, in __init__
    self.nodelist = self.compile_nodelist()
  File "/home/qianchunhui/PycharmProjects/untitled3/venv/lib/python3.7/site-packages/django/template/base.py", line 194, in compile_nodelist
    return parser.parse()
  File "/home/qianchunhui/PycharmProjects/untitled3/venv/lib/python3.7/site-packages/django/template/base.py", line 478, in parse
    raise self.error(token, e)
  File "/home/qianchunhui/PycharmProjects/untitled3/venv/lib/python3.7/site-packages/django/template/base.py", line 476, in parse
    compiled_result = compile_func(self, token)
  File "/home/qianchunhui/PycharmProjects/untitled3/venv/lib/python3.7/site-packages/django/template/defaulttags.py", line 951, in do_if
    condition = TemplateIfParser(parser, bits).parse()
  File "/home/qianchunhui/PycharmProjects/untitled3/venv/lib/python3.7/site-packages/django/template/defaulttags.py", line 884, in __init__
    super().__init__(*args, **kwargs)
  File "/home/qianchunhui/PycharmProjects/untitled3/venv/lib/python3.7/site-packages/django/template/smartif.py", line 166, in __init__
    mapped_tokens.append(self.translate_token(token))
  File "/home/qianchunhui/PycharmProjects/untitled3/venv/lib/python3.7/site-packages/django/template/smartif.py", line 177, in translate_token
    return self.create_var(token)
  File "/home/qianchunhui/PycharmProjects/untitled3/venv/lib/python3.7/site-packages/django/template/defaulttags.py", line 887, in create_var
    return TemplateLiteral(self.template_parser.compile_filter(value), value)
  File "/home/qianchunhui/PycharmProjects/untitled3/venv/lib/python3.7/site-packages/django/template/base.py", line 563, in compile_filter
    return FilterExpression(token, self)
  File "/home/qianchunhui/PycharmProjects/untitled3/venv/lib/python3.7/site-packages/django/template/base.py", line 663, in __init__
    "from '%s'" % (token[upto:], token))
django.template.exceptions.TemplateSyntaxError: Could not parse the remainder: '-session' from 'user-session'
[2019-08-19 18:29:22,603] [basehttp.py:154] [basehttp:log_message] [ERROR]- "GET / HTTP/1.1" 500 206363
[2019-08-19 18:31:04,663] [autoreload.py:597] [autoreload:run_with_reloader] [INFO]- Watching for file changes with StatReloader
[2019-08-19 18:31:08,307] [basehttp.py:154] [basehttp:log_message] [INFO]- "GET / HTTP/1.1" 200 4061
[2019-08-19 18:31:08,472] [basehttp.py:154] [basehttp:log_message] [INFO]- "GET /media/color/w_jd5u1YS.jpg HTTP/1.1" 304 0
[2019-08-19 18:31:12,043] [basehttp.py:154] [basehttp:log_message] [INFO]- "GET /user/register HTTP/1.1" 200 4004
[2019-08-19 18:31:14,736] [basehttp.py:154] [basehttp:log_message] [INFO]- "GET /user/checkUname/?uname=123%40qq.com HTTP/1.1" 200 15
[2019-08-19 18:31:17,322] [basehttp.py:154] [basehttp:log_message] [INFO]- "POST /user/register HTTP/1.1" 302 0
[2019-08-19 18:31:17,361] [basehttp.py:154] [basehttp:log_message] [INFO]- "GET /user/center HTTP/1.1" 200 2933
[2019-08-19 18:33:01,705] [basehttp.py:154] [basehttp:log_message] [INFO]- "GET /user/center HTTP/1.1" 200 2933
[2019-08-19 18:34:58,796] [autoreload.py:597] [autoreload:run_with_reloader] [INFO]- Watching for file changes with StatReloader
[2019-08-19 18:35:04,403] [autoreload.py:597] [autoreload:run_with_reloader] [INFO]- Watching for file changes with StatReloader
[2019-08-19 18:35:05,348] [basehttp.py:154] [basehttp:log_message] [INFO]- "GET /user/center HTTP/1.1" 200 2926
[2019-08-19 18:35:46,108] [basehttp.py:154] [basehttp:log_message] [INFO]- "GET /user/register HTTP/1.1" 200 4004
[2019-08-19 18:35:48,970] [basehttp.py:154] [basehttp:log_message] [INFO]- "GET /user/checkUname/?uname=123%40qq.com HTTP/1.1" 200 14
[2019-08-19 18:35:54,396] [basehttp.py:154] [basehttp:log_message] [INFO]- "POST /user/register HTTP/1.1" 302 0
[2019-08-19 18:35:54,402] [basehttp.py:154] [basehttp:log_message] [INFO]- "GET /user/center HTTP/1.1" 200 2926
[2019-08-19 18:37:02,185] [autoreload.py:217] [autoreload:trigger_reload] [INFO]- /home/qianchunhui/PycharmProjects/untitled3/untitled3/settings.py changed, reloading.
[2019-08-19 18:37:02,612] [autoreload.py:597] [autoreload:run_with_reloader] [INFO]- Watching for file changes with StatReloader
[2019-08-19 18:46:37,265] [autoreload.py:597] [autoreload:run_with_reloader] [INFO]- Watching for file changes with StatReloader
[2019-08-19 18:46:41,930] [basehttp.py:154] [basehttp:log_message] [INFO]- "GET /user/center HTTP/1.1" 200 2916
[2019-08-19 18:46:46,039] [basehttp.py:154] [basehttp:log_message] [INFO]- "GET / HTTP/1.1" 200 4051
[2019-08-19 18:48:03,223] [basehttp.py:154] [basehttp:log_message] [INFO]- "GET / HTTP/1.1" 200 4061
[2019-08-19 18:48:03,397] [basehttp.py:154] [basehttp:log_message] [INFO]- "GET /media/color/w_jd5u1YS.jpg HTTP/1.1" 200 23864
[2019-08-19 18:48:15,002] [basehttp.py:154] [basehttp:log_message] [INFO]- "GET /user/register HTTP/1.1" 200 4004
[2019-08-19 18:48:15,217] [basehttp.py:154] [basehttp:log_message] [INFO]- "GET /media/js/jquery-1.11.3.js HTTP/1.1" 200 284394
[2019-08-19 18:48:20,769] [basehttp.py:154] [basehttp:log_message] [INFO]- "GET /user/checkUname/?uname= HTTP/1.1" 200 15
[2019-08-19 18:48:23,075] [basehttp.py:154] [basehttp:log_message] [INFO]- "GET /user/checkUname/?uname=123%40qq.com HTTP/1.1" 200 14
[2019-08-19 18:48:26,685] [basehttp.py:154] [basehttp:log_message] [INFO]- "POST /user/register HTTP/1.1" 302 0
[2019-08-19 18:48:26,691] [basehttp.py:154] [basehttp:log_message] [INFO]- "GET /user/center HTTP/1.1" 200 2946
[2019-08-19 18:50:12,616] [basehttp.py:154] [basehttp:log_message] [INFO]- "GET /user/register HTTP/1.1" 200 4014
[2019-08-19 18:51:12,942] [basehttp.py:154] [basehttp:log_message] [INFO]- "GET /user/center HTTP/1.1" 200 2946
[2019-08-19 18:51:14,830] [basehttp.py:154] [basehttp:log_message] [INFO]- "GET /user/center HTTP/1.1" 200 2946
[2019-08-19 18:51:15,223] [basehttp.py:154] [basehttp:log_message] [INFO]- "GET /user/center HTTP/1.1" 200 2946
[2019-08-19 18:51:15,411] [basehttp.py:154] [basehttp:log_message] [INFO]- "GET /user/center HTTP/1.1" 200 2946
[2019-08-19 18:51:15,597] [basehttp.py:154] [basehttp:log_message] [INFO]- "GET /user/center HTTP/1.1" 200 2946
[2019-08-19 18:51:16,165] [basehttp.py:154] [basehttp:log_message] [INFO]- "GET /user/center HTTP/1.1" 200 2946
[2019-08-19 18:51:17,294] [basehttp.py:154] [basehttp:log_message] [INFO]- "GET /user/center HTTP/1.1" 200 2946
[2019-08-19 18:53:41,029] [autoreload.py:217] [autoreload:trigger_reload] [INFO]- /home/qianchunhui/PycharmProjects/untitled3/userapp/views.py changed, reloading.
[2019-08-19 18:53:41,351] [autoreload.py:597] [autoreload:run_with_reloader] [INFO]- Watching for file changes with StatReloader
[2019-08-19 19:01:45,348] [basehttp.py:154] [basehttp:log_message] [INFO]- "GET /user/center HTTP/1.1" 200 2942
[2019-08-19 19:01:48,122] [basehttp.py:154] [basehttp:log_message] [INFO]- "GET /user/center HTTP/1.1" 200 2942
[2019-08-19 19:06:36,236] [basehttp.py:154] [basehttp:log_message] [INFO]- "GET /user/register HTTP/1.1" 200 4014
[2019-08-19 19:12:50,436] [autoreload.py:597] [autoreload:run_with_reloader] [INFO]- Watching for file changes with StatReloader
[2019-08-19 19:12:55,578] [basehttp.py:154] [basehttp:log_message] [INFO]- "GET /user/register HTTP/1.1" 200 4014
[2019-08-19 19:12:55,599] [basehttp.py:154] [basehttp:log_message] [INFO]- "GET /media/js/jquery-1.11.3.js HTTP/1.1" 200 284394
[2019-08-19 19:12:59,675] [basehttp.py:154] [basehttp:log_message] [INFO]- "GET /user/center HTTP/1.1" 200 3521
[2019-08-19 19:13:01,574] [log.py:228] [log:log_response] [WARNING]- Not Found: /user/user/logout/
[2019-08-19 19:13:01,576] [log.py:228] [log:log_response] [WARNING]- Not Found: /user/logout/
[2019-08-19 19:13:01,577] [basehttp.py:154] [basehttp:log_message] [WARNING]- "POST /user/user/logout/ HTTP/1.1" 404 3265
[2019-08-19 19:13:01,577] [basehttp.py:154] [basehttp:log_message] [WARNING]- "GET /user/logout/ HTTP/1.1" 404 3249
[2019-08-19 19:17:39,893] [autoreload.py:217] [autoreload:trigger_reload] [INFO]- /home/qianchunhui/PycharmProjects/untitled3/userapp/urls.py changed, reloading.
[2019-08-19 19:17:40,346] [autoreload.py:597] [autoreload:run_with_reloader] [INFO]- Watching for file changes with StatReloader
[2019-08-19 19:21:40,419] [autoreload.py:217] [autoreload:trigger_reload] [INFO]- /home/qianchunhui/PycharmProjects/untitled3/userapp/views.py changed, reloading.
[2019-08-19 19:21:40,759] [autoreload.py:597] [autoreload:run_with_reloader] [INFO]- Watching for file changes with StatReloader
[2019-08-19 19:21:43,350] [autoreload.py:597] [autoreload:run_with_reloader] [INFO]- Watching for file changes with StatReloader
[2019-08-19 19:22:14,234] [autoreload.py:597] [autoreload:run_with_reloader] [INFO]- Watching for file changes with StatReloader
[2019-08-19 19:22:26,679] [basehttp.py:154] [basehttp:log_message] [INFO]- "GET / HTTP/1.1" 200 4071
[2019-08-19 19:22:36,879] [autoreload.py:597] [autoreload:run_with_reloader] [INFO]- Watching for file changes with StatReloader
[2019-08-19 19:22:41,553] [basehttp.py:154] [basehttp:log_message] [INFO]- "GET / HTTP/1.1" 200 4071
[2019-08-19 19:22:42,668] [basehttp.py:154] [basehttp:log_message] [INFO]- "GET /user/center HTTP/1.1" 200 3650
[2019-08-19 19:22:44,656] [basehttp.py:154] [basehttp:log_message] [INFO]- "POST /user/user/logout/ HTTP/1.1" 200 16
[2019-08-19 19:22:44,660] [base.py:102] [base:http_method_not_allowed] [WARNING]- Method Not Allowed (GET): /user/logout/
[2019-08-19 19:22:44,661] [log.py:228] [log:log_response] [WARNING]- Method Not Allowed: /user/logout/
[2019-08-19 19:22:44,661] [basehttp.py:154] [basehttp:log_message] [WARNING]- "GET /user/logout/ HTTP/1.1" 405 0
[2019-08-19 19:22:44,671] [log.py:228] [log:log_response] [WARNING]- Not Found: /user/user/login/
[2019-08-19 19:22:44,672] [basehttp.py:154] [basehttp:log_message] [WARNING]- "GET /user/user/login/ HTTP/1.1" 404 3422
[2019-08-19 19:23:06,890] [basehttp.py:154] [basehttp:log_message] [INFO]- "POST /user/user/logout/ HTTP/1.1" 200 16
[2019-08-19 19:23:06,893] [base.py:102] [base:http_method_not_allowed] [WARNING]- Method Not Allowed (GET): /user/logout/
[2019-08-19 19:23:06,894] [log.py:228] [log:log_response] [WARNING]- Method Not Allowed: /user/logout/
[2019-08-19 19:23:06,894] [basehttp.py:154] [basehttp:log_message] [WARNING]- "GET /user/logout/ HTTP/1.1" 405 0
[2019-08-19 19:23:06,905] [log.py:228] [log:log_response] [WARNING]- Not Found: /user/user/login/
[2019-08-19 19:23:06,905] [basehttp.py:154] [basehttp:log_message] [WARNING]- "GET /user/user/login/ HTTP/1.1" 404 3422
[2019-08-19 19:24:11,714] [autoreload.py:597] [autoreload:run_with_reloader] [INFO]- Watching for file changes with StatReloader
[2019-08-19 19:24:15,939] [log.py:228] [log:log_response] [WARNING]- Not Found: /user/user/login/
[2019-08-19 19:24:15,940] [basehttp.py:154] [basehttp:log_message] [WARNING]- "GET /user/user/login/ HTTP/1.1" 404 3422
[2019-08-19 19:25:29,046] [basehttp.py:154] [basehttp:log_message] [INFO]- "GET / HTTP/1.1" 200 4061
[2019-08-19 19:27:54,180] [basehttp.py:154] [basehttp:log_message] [INFO]- "GET /user/register HTTP/1.1" 200 4004
[2019-08-19 19:27:57,436] [basehttp.py:154] [basehttp:log_message] [INFO]- "GET /user/checkUname/?uname=123%40qq.com HTTP/1.1" 200 14
[2019-08-19 19:28:01,594] [basehttp.py:154] [basehttp:log_message] [INFO]- "POST /user/register HTTP/1.1" 302 0
[2019-08-19 19:28:01,602] [basehttp.py:154] [basehttp:log_message] [INFO]- "GET /user/center HTTP/1.1" 200 3646
[2019-08-19 19:28:04,426] [basehttp.py:154] [basehttp:log_message] [INFO]- "POST /user/user/logout/ HTTP/1.1" 200 16
[2019-08-19 19:28:04,431] [base.py:102] [base:http_method_not_allowed] [WARNING]- Method Not Allowed (GET): /user/logout/
[2019-08-19 19:28:04,432] [log.py:228] [log:log_response] [WARNING]- Method Not Allowed: /user/logout/
[2019-08-19 19:28:04,432] [basehttp.py:154] [basehttp:log_message] [WARNING]- "GET /user/logout/ HTTP/1.1" 405 0
[2019-08-19 19:28:04,441] [log.py:228] [log:log_response] [WARNING]- Not Found: /login/
[2019-08-19 19:28:04,442] [basehttp.py:154] [basehttp:log_message] [WARNING]- "GET /login/ HTTP/1.1" 404 2850
[2019-08-19 19:28:10,919] [basehttp.py:154] [basehttp:log_message] [INFO]- "POST /user/user/logout/ HTTP/1.1" 200 16
[2019-08-19 19:28:10,923] [base.py:102] [base:http_method_not_allowed] [WARNING]- Method Not Allowed (GET): /user/logout/
[2019-08-19 19:28:10,924] [log.py:228] [log:log_response] [WARNING]- Method Not Allowed: /user/logout/
[2019-08-19 19:28:10,928] [basehttp.py:154] [basehttp:log_message] [WARNING]- "GET /user/logout/ HTTP/1.1" 405 0
[2019-08-19 19:28:10,934] [log.py:228] [log:log_response] [WARNING]- Not Found: /login/
[2019-08-19 19:28:10,934] [basehttp.py:154] [basehttp:log_message] [WARNING]- "GET /login/ HTTP/1.1" 404 2850
[2019-08-19 19:28:27,247] [basehttp.py:154] [basehttp:log_message] [INFO]- "POST /user/user/logout/ HTTP/1.1" 200 16
[2019-08-19 19:28:27,253] [base.py:102] [base:http_method_not_allowed] [WARNING]- Method Not Allowed (GET): /user/logout/
[2019-08-19 19:28:27,253] [log.py:228] [log:log_response] [WARNING]- Method Not Allowed: /user/logout/
[2019-08-19 19:28:27,253] [basehttp.py:154] [basehttp:log_message] [WARNING]- "GET /user/logout/ HTTP/1.1" 405 0
[2019-08-19 19:28:27,261] [log.py:228] [log:log_response] [WARNING]- Not Found: /login/
[2019-08-19 19:28:27,261] [basehttp.py:154] [basehttp:log_message] [WARNING]- "GET /login/ HTTP/1.1" 404 2850
[2019-08-19 19:28:34,866] [autoreload.py:597] [autoreload:run_with_reloader] [INFO]- Watching for file changes with StatReloader
[2019-08-19 19:28:36,571] [base.py:102] [base:http_method_not_allowed] [WARNING]- Method Not Allowed (GET): /user/logout/
[2019-08-19 19:28:36,578] [log.py:228] [log:log_response] [WARNING]- Method Not Allowed: /user/logout/
[2019-08-19 19:28:36,580] [basehttp.py:154] [basehttp:log_message] [WARNING]- "GET /user/logout/ HTTP/1.1" 405 0
[2019-08-19 19:28:36,581] [basehttp.py:154] [basehttp:log_message] [INFO]- "POST /user/user/logout/ HTTP/1.1" 200 16
[2019-08-19 19:28:36,600] [log.py:228] [log:log_response] [WARNING]- Not Found: /login/
[2019-08-19 19:28:36,600] [basehttp.py:154] [basehttp:log_message] [WARNING]- "GET /login/ HTTP/1.1" 404 2850
[2019-08-19 19:28:59,158] [basehttp.py:154] [basehttp:log_message] [INFO]- "GET /user/center HTTP/1.1" 200 3631
[2019-08-19 19:29:02,796] [basehttp.py:154] [basehttp:log_message] [INFO]- "GET /user/register HTTP/1.1" 200 4004
[2019-08-19 19:29:04,548] [basehttp.py:154] [basehttp:log_message] [INFO]- "GET /user/checkUname/?uname=123%40qq.com HTTP/1.1" 200 14
[2019-08-19 19:29:07,148] [basehttp.py:154] [basehttp:log_message] [INFO]- "POST /user/register HTTP/1.1" 302 0
[2019-08-19 19:29:07,158] [basehttp.py:154] [basehttp:log_message] [INFO]- "GET /user/center HTTP/1.1" 200 3651
[2019-08-19 19:29:08,580] [basehttp.py:154] [basehttp:log_message] [INFO]- "POST /user/user/logout/ HTTP/1.1" 200 16
[2019-08-19 19:29:08,584] [base.py:102] [base:http_method_not_allowed] [WARNING]- Method Not Allowed (GET): /user/logout/
[2019-08-19 19:29:08,585] [log.py:228] [log:log_response] [WARNING]- Method Not Allowed: /user/logout/
[2019-08-19 19:29:08,585] [basehttp.py:154] [basehttp:log_message] [WARNING]- "GET /user/logout/ HTTP/1.1" 405 0
[2019-08-19 19:29:08,593] [log.py:228] [log:log_response] [WARNING]- Not Found: /user/login/
[2019-08-19 19:29:08,593] [basehttp.py:154] [basehttp:log_message] [WARNING]- "GET /user/login/ HTTP/1.1" 404 3407
[2019-08-19 19:29:12,763] [basehttp.py:154] [basehttp:log_message] [INFO]- "GET /user/center HTTP/1.1" 200 3631
[2019-08-19 19:29:16,677] [basehttp.py:154] [basehttp:log_message] [INFO]- "POST /user/user/logout/ HTTP/1.1" 200 16
[2019-08-19 19:29:16,680] [base.py:102] [base:http_method_not_allowed] [WARNING]- Method Not Allowed (GET): /user/logout/
[2019-08-19 19:29:16,680] [log.py:228] [log:log_response] [WARNING]- Method Not Allowed: /user/logout/
[2019-08-19 19:29:16,681] [basehttp.py:154] [basehttp:log_message] [WARNING]- "GET /user/logout/ HTTP/1.1" 405 0
[2019-08-19 19:29:16,694] [log.py:228] [log:log_response] [WARNING]- Not Found: /user/login/
[2019-08-19 19:29:16,695] [basehttp.py:154] [basehttp:log_message] [WARNING]- "GET /user/login/ HTTP/1.1" 404 3407
[2019-08-19 19:29:32,283] [log.py:228] [log:log_response] [WARNING]- Not Found: /user/login/
[2019-08-19 19:29:32,284] [basehttp.py:154] [basehttp:log_message] [WARNING]- "GET /user/login/ HTTP/1.1" 404 3407
[2019-08-19 19:29:32,977] [log.py:228] [log:log_response] [WARNING]- Not Found: /user/login/
[2019-08-19 19:29:32,979] [basehttp.py:154] [basehttp:log_message] [WARNING]- "GET /user/login/ HTTP/1.1" 404 3407
[2019-08-19 19:29:35,156] [log.py:228] [log:log_response] [WARNING]- Not Found: /user/login
[2019-08-19 19:29:35,157] [basehttp.py:154] [basehttp:log_message] [WARNING]- "GET /user/login HTTP/1.1" 404 3404
[2019-08-19 19:29:38,053] [log.py:228] [log:log_response] [WARNING]- Not Found: /user/login
[2019-08-19 19:29:38,053] [basehttp.py:154] [basehttp:log_message] [WARNING]- "GET /user/login HTTP/1.1" 404 3404
[2019-08-19 19:38:37,574] [autoreload.py:597] [autoreload:run_with_reloader] [INFO]- Watching for file changes with StatReloader
[2019-08-19 19:38:39,063] [basehttp.py:154] [basehttp:log_message] [INFO]- "GET /user/login/ HTTP/1.1" 200 3389
[2019-08-19 19:39:12,764] [basehttp.py:154] [basehttp:log_message] [INFO]- "GET /user/login/ HTTP/1.1" 200 3021
[2019-08-19 19:39:32,591] [basehttp.py:154] [basehttp:log_message] [INFO]- "GET /user/login/ HTTP/1.1" 200 3013
[2019-08-19 19:39:33,955] [basehttp.py:154] [basehttp:log_message] [INFO]- "GET /user/register HTTP/1.1" 200 3635
[2019-08-19 19:39:35,853] [basehttp.py:154] [basehttp:log_message] [INFO]- "GET /user/register HTTP/1.1" 200 3635
[2019-08-19 19:39:37,877] [basehttp.py:154] [basehttp:log_message] [INFO]- "GET /user/register HTTP/1.1" 200 3635
[2019-08-19 19:39:39,076] [basehttp.py:154] [basehttp:log_message] [INFO]- "GET /user/register HTTP/1.1" 200 3635
[2019-08-19 19:39:43,855] [basehttp.py:154] [basehttp:log_message] [INFO]- "GET / HTTP/1.1" 200 4061
[2019-08-19 19:39:45,055] [basehttp.py:154] [basehttp:log_message] [INFO]- "GET /user/register HTTP/1.1" 200 3635
[2019-08-19 19:39:51,237] [basehttp.py:154] [basehttp:log_message] [INFO]- "GET /user/register HTTP/1.1" 200 3635
[2019-08-19 19:40:16,314] [basehttp.py:154] [basehttp:log_message] [INFO]- "GET /user/register HTTP/1.1" 200 3638
[2019-08-19 19:40:18,651] [basehttp.py:154] [basehttp:log_message] [INFO]- "GET /user/register HTTP/1.1" 200 3638
[2019-08-19 19:40:19,859] [basehttp.py:154] [basehttp:log_message] [INFO]- "GET / HTTP/1.1" 200 4071
[2019-08-19 19:40:20,800] [log.py:228] [log:log_response] [WARNING]- Not Found: /user/login
[2019-08-19 19:40:20,800] [basehttp.py:154] [basehttp:log_message] [WARNING]- "GET /user/login HTTP/1.1" 404 3564
[2019-08-19 19:40:29,981] [log.py:228] [log:log_response] [WARNING]- Not Found: /user/login
[2019-08-19 19:40:29,982] [basehttp.py:154] [basehttp:log_message] [WARNING]- "GET /user/login HTTP/1.1" 404 3564
[2019-08-19 19:40:33,367] [log.py:228] [log:log_response] [WARNING]- Not Found: /user/login、
[2019-08-19 19:40:33,368] [basehttp.py:154] [basehttp:log_message] [WARNING]- "GET /user/login%E3%80%81 HTTP/1.1" 404 3579
[2019-08-19 19:40:37,117] [basehttp.py:154] [basehttp:log_message] [INFO]- "GET /user/login/ HTTP/1.1" 200 3024
[2019-08-19 19:40:38,707] [basehttp.py:154] [basehttp:log_message] [INFO]- "GET /user/register HTTP/1.1" 200 3639
[2019-08-19 19:40:39,748] [basehttp.py:154] [basehttp:log_message] [INFO]- "GET /user/login/ HTTP/1.1" 200 3024
[2019-08-19 19:41:06,319] [basehttp.py:154] [basehttp:log_message] [INFO]- "GET /user/login/ HTTP/1.1" 200 3024
[2019-08-19 19:41:07,638] [basehttp.py:154] [basehttp:log_message] [INFO]- "GET /user/register HTTP/1.1" 200 3639
[2019-08-19 19:41:08,256] [basehttp.py:154] [basehttp:log_message] [INFO]- "GET /user/login/ HTTP/1.1" 200 3024
[2019-08-19 19:41:08,916] [basehttp.py:154] [basehttp:log_message] [INFO]- "GET /user/register HTTP/1.1" 200 3639
[2019-08-19 19:41:11,677] [basehttp.py:154] [basehttp:log_message] [INFO]- "GET /user/register HTTP/1.1" 200 3639
[2019-08-19 19:41:11,989] [basehttp.py:154] [basehttp:log_message] [INFO]- "GET /user/login/ HTTP/1.1" 200 3024
[2019-08-19 20:44:23,265] [autoreload.py:217] [autoreload:trigger_reload] [INFO]- /home/qianchunhui/PycharmProjects/untitled3/userapp/views.py changed, reloading.
[2019-08-19 20:44:25,481] [autoreload.py:597] [autoreload:run_with_reloader] [INFO]- Watching for file changes with StatReloader
[2019-08-19 20:49:49,686] [autoreload.py:597] [autoreload:run_with_reloader] [INFO]- Watching for file changes with StatReloader
[2019-08-19 22:32:41,380] [autoreload.py:597] [autoreload:run_with_reloader] [INFO]- Watching for file changes with StatReloader
[2019-08-19 22:32:49,951] [basehttp.py:154] [basehttp:log_message] [INFO]- "GET / HTTP/1.1" 200 4072
[2019-08-19 22:32:50,050] [basehttp.py:154] [basehttp:log_message] [INFO]- "GET /media/color/w_jd5u1YS.jpg HTTP/1.1" 304 0
[2019-08-19 22:32:50,343] [log.py:228] [log:log_response] [WARNING]- Not Found: /favicon.ico
[2019-08-19 22:32:50,344] [basehttp.py:154] [basehttp:log_message] [WARNING]- "GET /favicon.ico HTTP/1.1" 404 2865
[2019-08-19 22:32:52,973] [basehttp.py:154] [basehttp:log_message] [INFO]- "GET /categroy/1 HTTP/1.1" 200 4072
[2019-08-19 22:32:55,852] [log.py:228] [log:log_response] [ERROR]- Internal Server Error: /goodsdetails/1
Traceback (most recent call last):
  File "/home/qianchunhui/PycharmProjects/untitled3/venv/lib/python3.7/site-packages/django/core/handlers/exception.py", line 34, in inner
    response = get_response(request)
  File "/home/qianchunhui/PycharmProjects/untitled3/venv/lib/python3.7/site-packages/django/core/handlers/base.py", line 115, in _get_response
    response = self.process_exception_by_middleware(e, request)
  File "/home/qianchunhui/PycharmProjects/untitled3/venv/lib/python3.7/site-packages/django/core/handlers/base.py", line 113, in _get_response
    response = wrapped_callback(request, *callback_args, **callback_kwargs)
  File "/home/qianchunhui/PycharmProjects/untitled3/venv/lib/python3.7/site-packages/django/views/generic/base.py", line 71, in view
    return self.dispatch(request, *args, **kwargs)
  File "/home/qianchunhui/PycharmProjects/untitled3/venv/lib/python3.7/site-packages/django/views/generic/base.py", line 97, in dispatch
    return handler(request, *args, **kwargs)
TypeError: 'NoneType' object is not callable
[2019-08-19 22:32:55,853] [basehttp.py:154] [basehttp:log_message] [ERROR]- "GET /goodsdetails/1 HTTP/1.1" 500 77627
[2019-08-19 22:34:04,581] [basehttp.py:154] [basehttp:log_message] [INFO]- "GET /categroy/1/page/2 HTTP/1.1" 200 4183
[2019-08-19 22:34:06,256] [log.py:228] [log:log_response] [ERROR]- Internal Server Error: /goodsdetails/2
Traceback (most recent call last):
  File "/home/qianchunhui/PycharmProjects/untitled3/venv/lib/python3.7/site-packages/django/core/handlers/exception.py", line 34, in inner
    response = get_response(request)
  File "/home/qianchunhui/PycharmProjects/untitled3/venv/lib/python3.7/site-packages/django/core/handlers/base.py", line 115, in _get_response
    response = self.process_exception_by_middleware(e, request)
  File "/home/qianchunhui/PycharmProjects/untitled3/venv/lib/python3.7/site-packages/django/core/handlers/base.py", line 113, in _get_response
    response = wrapped_callback(request, *callback_args, **callback_kwargs)
  File "/home/qianchunhui/PycharmProjects/untitled3/venv/lib/python3.7/site-packages/django/views/generic/base.py", line 71, in view
    return self.dispatch(request, *args, **kwargs)
  File "/home/qianchunhui/PycharmProjects/untitled3/venv/lib/python3.7/site-packages/django/views/generic/base.py", line 97, in dispatch
    return handler(request, *args, **kwargs)
TypeError: 'NoneType' object is not callable
[2019-08-19 22:34:06,256] [basehttp.py:154] [basehttp:log_message] [ERROR]- "GET /goodsdetails/2 HTTP/1.1" 500 77634
[2019-08-19 22:34:08,894] [basehttp.py:154] [basehttp:log_message] [INFO]- "GET /categroy/1/page/3 HTTP/1.1" 200 4072
[2019-08-19 22:34:08,938] [basehttp.py:154] [basehttp:log_message] [INFO]- "GET /media/color/g_yAzDPMA.jpg HTTP/1.1" 304 0
[2019-08-19 22:34:09,631] [log.py:228] [log:log_response] [ERROR]- Internal Server Error: /goodsdetails/3
Traceback (most recent call last):
  File "/home/qianchunhui/PycharmProjects/untitled3/venv/lib/python3.7/site-packages/django/core/handlers/exception.py", line 34, in inner
    response = get_response(request)
  File "/home/qianchunhui/PycharmProjects/untitled3/venv/lib/python3.7/site-packages/django/core/handlers/base.py", line 115, in _get_response
    response = self.process_exception_by_middleware(e, request)
  File "/home/qianchunhui/PycharmProjects/untitled3/venv/lib/python3.7/site-packages/django/core/handlers/base.py", line 113, in _get_response
    response = wrapped_callback(request, *callback_args, **callback_kwargs)
  File "/home/qianchunhui/PycharmProjects/untitled3/venv/lib/python3.7/site-packages/django/views/generic/base.py", line 71, in view
    return self.dispatch(request, *args, **kwargs)
  File "/home/qianchunhui/PycharmProjects/untitled3/venv/lib/python3.7/site-packages/django/views/generic/base.py", line 97, in dispatch
    return handler(request, *args, **kwargs)
TypeError: 'NoneType' object is not callable
[2019-08-19 22:34:09,632] [basehttp.py:154] [basehttp:log_message] [ERROR]- "GET /goodsdetails/3 HTTP/1.1" 500 77634
[2019-08-19 22:36:33,993] [autoreload.py:597] [autoreload:run_with_reloader] [INFO]- Watching for file changes with StatReloader
[2019-08-19 22:36:35,030] [log.py:228] [log:log_response] [ERROR]- Internal Server Error: /goodsdetails/3
Traceback (most recent call last):
  File "/home/qianchunhui/PycharmProjects/untitled3/venv/lib/python3.7/site-packages/django/core/handlers/exception.py", line 34, in inner
    response = get_response(request)
  File "/home/qianchunhui/PycharmProjects/untitled3/venv/lib/python3.7/site-packages/django/core/handlers/base.py", line 115, in _get_response
    response = self.process_exception_by_middleware(e, request)
  File "/home/qianchunhui/PycharmProjects/untitled3/venv/lib/python3.7/site-packages/django/core/handlers/base.py", line 113, in _get_response
    response = wrapped_callback(request, *callback_args, **callback_kwargs)
  File "/home/qianchunhui/PycharmProjects/untitled3/venv/lib/python3.7/site-packages/django/views/generic/base.py", line 71, in view
    return self.dispatch(request, *args, **kwargs)
  File "/home/qianchunhui/PycharmProjects/untitled3/venv/lib/python3.7/site-packages/django/views/generic/base.py", line 97, in dispatch
    return handler(request, *args, **kwargs)
TypeError: 'NoneType' object is not callable
[2019-08-19 22:36:35,031] [basehttp.py:154] [basehttp:log_message] [ERROR]- "GET /goodsdetails/3 HTTP/1.1" 500 77610
[2019-08-19 22:37:55,452] [autoreload.py:597] [autoreload:run_with_reloader] [INFO]- Watching for file changes with StatReloader
[2019-08-19 22:37:58,979] [basehttp.py:154] [basehttp:log_message] [INFO]- "GET / HTTP/1.1" 200 4072
[2019-08-19 22:37:59,820] [basehttp.py:154] [basehttp:log_message] [INFO]- "GET /goodsdetails/1 HTTP/1.1" 200 5402
[2019-08-19 22:37:59,842] [basehttp.py:154] [basehttp:log_message] [INFO]- "GET /media/color/a_F3JKZdZ.jpg HTTP/1.1" 304 0
[2019-08-19 22:38:08,088] [basehttp.py:154] [basehttp:log_message] [INFO]- "GET /user/register HTTP/1.1" 200 3669
[2019-08-19 22:38:09,506] [basehttp.py:154] [basehttp:log_message] [INFO]- "GET /user/login/ HTTP/1.1" 200 2993
[2019-08-19 22:38:13,032] [basehttp.py:154] [basehttp:log_message] [INFO]- "POST /user/register HTTP/1.1" 302 0
[2019-08-19 22:38:13,080] [basehttp.py:154] [basehttp:log_message] [INFO]- "GET /user/center HTTP/1.1" 200 3661
[2019-08-19 22:39:48,976] [basehttp.py:154] [basehttp:log_message] [INFO]- "GET /user/register HTTP/1.1" 200 3679
[2019-08-19 22:39:49,757] [basehttp.py:154] [basehttp:log_message] [INFO]- "GET /user/login/ HTTP/1.1" 200 3003
[2019-08-19 22:39:50,829] [basehttp.py:154] [basehttp:log_message] [INFO]- "GET /user/login/ HTTP/1.1" 200 3003
[2019-08-19 22:39:51,181] [basehttp.py:154] [basehttp:log_message] [INFO]- "GET /user/login/ HTTP/1.1" 200 3003
[2019-08-19 22:39:51,382] [basehttp.py:154] [basehttp:log_message] [INFO]- "GET /user/login/ HTTP/1.1" 200 3003
[2019-08-19 22:39:53,204] [basehttp.py:154] [basehttp:log_message] [INFO]- "GET /user/center HTTP/1.1" 200 3661
[2019-08-19 22:44:31,668] [autoreload.py:217] [autoreload:trigger_reload] [INFO]- /home/qianchunhui/PycharmProjects/untitled3/userapp/urls.py changed, reloading.
[2019-08-19 22:44:32,137] [autoreload.py:597] [autoreload:run_with_reloader] [INFO]- Watching for file changes with StatReloader
[2019-08-19 22:53:15,685] [autoreload.py:597] [autoreload:run_with_reloader] [INFO]- Watching for file changes with StatReloader
[2019-08-19 22:53:18,439] [basehttp.py:154] [basehttp:log_message] [INFO]- "GET /user/center HTTP/1.1" 200 3673
[2019-08-19 22:53:20,839] [log.py:228] [log:log_response] [WARNING]- Not Found: /user/address
[2019-08-19 22:53:20,840] [basehttp.py:154] [basehttp:log_message] [WARNING]- "GET /user/address HTTP/1.1" 404 3732
[2019-08-19 22:53:54,720] [log.py:228] [log:log_response] [WARNING]- Not Found: /user/address
[2019-08-19 22:53:54,721] [basehttp.py:154] [basehttp:log_message] [WARNING]- "GET /user/address HTTP/1.1" 404 3732
[2019-08-19 22:54:00,451] [autoreload.py:597] [autoreload:run_with_reloader] [INFO]- Watching for file changes with StatReloader
[2019-08-19 22:54:02,942] [log.py:228] [log:log_response] [WARNING]- Not Found: /user/address
[2019-08-19 22:54:02,943] [basehttp.py:154] [basehttp:log_message] [WARNING]- "GET /user/address HTTP/1.1" 404 3732
[2019-08-19 22:54:08,065] [basehttp.py:154] [basehttp:log_message] [INFO]- "GET /user/address/ HTTP/1.1" 200 3586
[2019-08-19 22:54:23,674] [autoreload.py:597] [autoreload:run_with_reloader] [INFO]- Watching for file changes with StatReloader
[2019-08-19 22:54:28,988] [basehttp.py:154] [basehttp:log_message] [INFO]- "GET / HTTP/1.1" 200 4082
[2019-08-19 22:54:35,942] [basehttp.py:154] [basehttp:log_message] [INFO]- "GET /user/center HTTP/1.1" 200 3674
[2019-08-19 22:54:38,004] [basehttp.py:154] [basehttp:log_message] [INFO]- "GET /user/address/ HTTP/1.1" 200 3586
[2019-08-19 22:54:57,289] [basehttp.py:154] [basehttp:log_message] [INFO]- "GET / HTTP/1.1" 200 4082
[2019-08-19 23:19:17,272] [autoreload.py:597] [autoreload:run_with_reloader] [INFO]- Watching for file changes with StatReloader
[2019-08-19 23:19:22,220] [basehttp.py:154] [basehttp:log_message] [INFO]- "GET /user/address/ HTTP/1.1" 200 12620
[2019-08-19 23:25:27,292] [basehttp.py:154] [basehttp:log_message] [INFO]- "GET /user/address/ HTTP/1.1" 200 3586
[2019-08-19 23:38:08,043] [basehttp.py:154] [basehttp:log_message] [INFO]- "GET /user/address/ HTTP/1.1" 200 3887
[2019-08-19 23:39:52,898] [basehttp.py:154] [basehttp:log_message] [INFO]- "GET /user/address/ HTTP/1.1" 200 3679
[2019-08-19 23:40:18,186] [basehttp.py:154] [basehttp:log_message] [INFO]- "GET /user/address/ HTTP/1.1" 200 3653
[2019-08-19 23:40:46,872] [basehttp.py:154] [basehttp:log_message] [INFO]- "GET /user/address/ HTTP/1.1" 200 3669
[2019-08-19 23:41:02,562] [basehttp.py:154] [basehttp:log_message] [INFO]- "GET /user/address/ HTTP/1.1" 200 3673
[2019-08-19 23:41:14,730] [basehttp.py:154] [basehttp:log_message] [INFO]- "GET /user/address/ HTTP/1.1" 200 3662
[2019-08-19 23:41:16,802] [basehttp.py:154] [basehttp:log_message] [INFO]- "GET /user/address/ HTTP/1.1" 200 3662
[2019-08-19 23:42:22,603] [basehttp.py:154] [basehttp:log_message] [INFO]- "GET /user/address/ HTTP/1.1" 200 3786
[2019-08-19 23:44:14,256] [basehttp.py:154] [basehttp:log_message] [INFO]- "GET /user/address/ HTTP/1.1" 200 3789
